Mar 2, 2013 11:14:27 PM org.apache.uima.analysis_engine.impl.PrimitiveAnalysisEngine_impl callAnalysisComponentProcess(404)
SEVERE: Exception occurred
com.ibm.talent.jfst.JFSTAEProcessException: Cannot open a jar file : file:/C:/Program%20Files/IBM/LanguageWare/LRW/7.2.0.2/LanguageWareResourceWorkbench/$%7Bworkspace_loc:/ESP/Resources/Parsing%20Rules%7D/Airport.jar
	at com.ibm.talent.jfst.JarResourceCreator.loadJar(JarResourceCreator.java:217)
	at com.ibm.talent.jfst.JarResourceCreator.getJar(JarResourceCreator.java:207)
	at com.ibm.talent.jfst.JarResourceCreator.loadRuleBundleMappings(JarResourceCreator.java:73)
	at com.ibm.talent.jfst.ResourceCreator.createTypeResolverFromConfig(ResourceCreator.java:111)
	at com.ibm.talent.jfst.ResourceCreator.<init>(ResourceCreator.java:97)
	at com.ibm.talent.jfst.ResourceCreator.<init>(ResourceCreator.java:84)
	at com.ibm.talent.jfst.JarResourceCreator.<init>(JarResourceCreator.java:42)
	at com.ibm.talent.jfst.ResourceCreatorFactory.getNewJarCreator(ResourceCreatorFactory.java:146)
	at com.ibm.talent.jfst.ResourceCreatorFactory.getCreatorForConfig(ResourceCreatorFactory.java:128)
	at com.ibm.talent.jfst.ResourceCreatorFactory.getCreatorWhenRunningAllCascades(ResourceCreatorFactory.java:89)
	at com.ibm.talent.jfst.JFSTAnnotator.initializeJFSTResourcesForLang(JFSTAnnotator.java:187)
	at com.ibm.talent.jfst.JFSTAnnotator.perform(JFSTAnnotator.java:107)
	at com.ibm.talent.jfst.JFSTAnnotator.process(JFSTAnnotator.java:89)
	at org.apache.uima.analysis_component.CasAnnotator_ImplBase.process(CasAnnotator_ImplBase.java:56)
	at org.apache.uima.analysis_engine.impl.PrimitiveAnalysisEngine_impl.callAnalysisComponentProcess(PrimitiveAnalysisEngine_impl.java:376)
	at org.apache.uima.analysis_engine.impl.PrimitiveAnalysisEngine_impl.processAndOutputNewCASes(PrimitiveAnalysisEngine_impl.java:298)
	at org.apache.uima.analysis_engine.asb.impl.ASB_impl$AggregateCasIterator.processUntilNextOutputCas(ASB_impl.java:567)
	at org.apache.uima.analysis_engine.asb.impl.ASB_impl$AggregateCasIterator.<init>(ASB_impl.java:409)
	at org.apache.uima.analysis_engine.asb.impl.ASB_impl.process(ASB_impl.java:342)
	at org.apache.uima.analysis_engine.impl.AggregateAnalysisEngine_impl.processAndOutputNewCASes(AggregateAnalysisEngine_impl.java:267)
	at com.ibm.dltj.ua.uima.Analyzer.internRunScan(Analyzer.java:396)
	at com.ibm.dltj.ua.uima.Analyzer.runScan(Analyzer.java:337)
	at com.ibm.dltj.uc.annotations.AnnotationsCollection.analyze(AnnotationsCollection.java:639)
	at com.ibm.dltj.uc.annotations.AnnotationsCollection.analyzeFiles(AnnotationsCollection.java:593)
	at com.ibm.dltj.uc.actions.BaseAnalyzeRunnable.analyzeFiles(BaseAnalyzeRunnable.java:129)
	at com.ibm.dltj.uc.actions.ConfigAction$Annotate.run(ConfigAction.java:160)
	at org.eclipse.jface.operation.ModalContext$ModalContextThread.run(ModalContext.java:121)
Mar 2, 2013 11:14:27 PM org.apache.uima.analysis_engine.impl.AggregateAnalysisEngine_impl processAndOutputNewCASes(275)
SEVERE: Exception occurred
com.ibm.talent.jfst.JFSTAEProcessException: Cannot open a jar file : file:/C:/Program%20Files/IBM/LanguageWare/LRW/7.2.0.2/LanguageWareResourceWorkbench/$%7Bworkspace_loc:/ESP/Resources/Parsing%20Rules%7D/Airport.jar
	at com.ibm.talent.jfst.JarResourceCreator.loadJar(JarResourceCreator.java:217)
	at com.ibm.talent.jfst.JarResourceCreator.getJar(JarResourceCreator.java:207)
	at com.ibm.talent.jfst.JarResourceCreator.loadRuleBundleMappings(JarResourceCreator.java:73)
	at com.ibm.talent.jfst.ResourceCreator.createTypeResolverFromConfig(ResourceCreator.java:111)
	at com.ibm.talent.jfst.ResourceCreator.<init>(ResourceCreator.java:97)
	at com.ibm.talent.jfst.ResourceCreator.<init>(ResourceCreator.java:84)
	at com.ibm.talent.jfst.JarResourceCreator.<init>(JarResourceCreator.java:42)
	at com.ibm.talent.jfst.ResourceCreatorFactory.getNewJarCreator(ResourceCreatorFactory.java:146)
	at com.ibm.talent.jfst.ResourceCreatorFactory.getCreatorForConfig(ResourceCreatorFactory.java:128)
	at com.ibm.talent.jfst.ResourceCreatorFactory.getCreatorWhenRunningAllCascades(ResourceCreatorFactory.java:89)
	at com.ibm.talent.jfst.JFSTAnnotator.initializeJFSTResourcesForLang(JFSTAnnotator.java:187)
	at com.ibm.talent.jfst.JFSTAnnotator.perform(JFSTAnnotator.java:107)
	at com.ibm.talent.jfst.JFSTAnnotator.process(JFSTAnnotator.java:89)
	at org.apache.uima.analysis_component.CasAnnotator_ImplBase.process(CasAnnotator_ImplBase.java:56)
	at org.apache.uima.analysis_engine.impl.PrimitiveAnalysisEngine_impl.callAnalysisComponentProcess(PrimitiveAnalysisEngine_impl.java:376)
	at org.apache.uima.analysis_engine.impl.PrimitiveAnalysisEngine_impl.processAndOutputNewCASes(PrimitiveAnalysisEngine_impl.java:298)
	at org.apache.uima.analysis_engine.asb.impl.ASB_impl$AggregateCasIterator.processUntilNextOutputCas(ASB_impl.java:567)
	at org.apache.uima.analysis_engine.asb.impl.ASB_impl$AggregateCasIterator.<init>(ASB_impl.java:409)
	at org.apache.uima.analysis_engine.asb.impl.ASB_impl.process(ASB_impl.java:342)
	at org.apache.uima.analysis_engine.impl.AggregateAnalysisEngine_impl.processAndOutputNewCASes(AggregateAnalysisEngine_impl.java:267)
	at com.ibm.dltj.ua.uima.Analyzer.internRunScan(Analyzer.java:396)
	at com.ibm.dltj.ua.uima.Analyzer.runScan(Analyzer.java:337)
	at com.ibm.dltj.uc.annotations.AnnotationsCollection.analyze(AnnotationsCollection.java:639)
	at com.ibm.dltj.uc.annotations.AnnotationsCollection.analyzeFiles(AnnotationsCollection.java:593)
	at com.ibm.dltj.uc.actions.BaseAnalyzeRunnable.analyzeFiles(BaseAnalyzeRunnable.java:129)
	at com.ibm.dltj.uc.actions.ConfigAction$Annotate.run(ConfigAction.java:160)
	at org.eclipse.jface.operation.ModalContext$ModalContextThread.run(ModalContext.java:121)
