----------------------------------------------------------------
2013-08-11 02:55:13.998 GMT:
 Booting Derby version The Apache Software Foundation - Apache Derby - 10.5.3.0 - (802917): instance a816c00e-0140-6b4a-6ffb-ffffb35b3fd6
on database directory C:\workspace\datapresso\dip\Resources\Parsing Rules\Person\people\data  

Database Class Loader started - derby.database.classpath=''
----------------------------------------------------------------
2013-08-11 03:05:05.629 GMT:
 Booting Derby version The Apache Software Foundation - Apache Derby - 10.5.3.0 - (802917): instance 38c30028-0140-6b4a-6ffb-ffffb35b3fd6
on database directory C:\workspace\datapresso\dip\Resources\Parsing Rules\Airport\Airport\data  

Database Class Loader started - derby.database.classpath=''
----------------------------------------------------------------
2013-08-11 03:05:20.905 GMT:
 Booting Derby version The Apache Software Foundation - Apache Derby - 10.5.3.0 - (802917): instance e1734037-0140-6b4a-6ffb-ffffb35b3fd6
on database directory C:\workspace\datapresso\dip\Resources\Dictionaries\Airport\AirportCandidate\data  

Database Class Loader started - derby.database.classpath=''
----------------------------------------------------------------
2013-08-11 03:05:21.543 GMT:
 Booting Derby version The Apache Software Foundation - Apache Derby - 10.5.3.0 - (802917): instance 61e8403f-0140-6b4a-6ffb-ffffb35b3fd6
on database directory C:\workspace\datapresso\dip\Resources\Dictionaries\Airport\AirportFlag\data  

Database Class Loader started - derby.database.classpath=''
----------------------------------------------------------------
2013-08-11 03:05:21.654 GMT:
 Booting Derby version The Apache Software Foundation - Apache Derby - 10.5.3.0 - (802917): instance e26d4047-0140-6b4a-6ffb-ffffb35b3fd6
on database directory C:\workspace\datapresso\dip\Resources\Dictionaries\Person\US_Cities\data  

Database Class Loader started - derby.database.classpath=''
----------------------------------------------------------------
2013-08-11 03:05:26.450 GMT:
 Booting Derby version The Apache Software Foundation - Apache Derby - 10.5.3.0 - (802917): instance 6302404f-0140-6b4a-6ffb-ffffb35b3fd6
on database directory C:\workspace\datapresso\dip\Resources\Dictionaries\Person\US_States\data  

Database Class Loader started - derby.database.classpath=''
----------------------------------------------------------------
2013-08-11 03:05:26.590 GMT:
 Booting Derby version The Apache Software Foundation - Apache Derby - 10.5.3.0 - (802917): instance e3a74057-0140-6b4a-6ffb-ffffb35b3fd6
on database directory C:\workspace\datapresso\dip\Resources\Dictionaries\Person\continents\data  

Database Class Loader started - derby.database.classpath=''
----------------------------------------------------------------
2013-08-11 03:05:26.899 GMT:
 Booting Derby version The Apache Software Foundation - Apache Derby - 10.5.3.0 - (802917): instance 645c405f-0140-6b4a-6ffb-ffffb35b3fd6
on database directory C:\workspace\datapresso\dip\Resources\Dictionaries\Person\countries\data  

Database Class Loader started - derby.database.classpath=''
----------------------------------------------------------------
2013-08-11 03:05:27.169 GMT:
 Booting Derby version The Apache Software Foundation - Apache Derby - 10.5.3.0 - (802917): instance e5214067-0140-6b4a-6ffb-ffffb35b3fd6
on database directory C:\workspace\datapresso\dip\Resources\Dictionaries\Person\days_of_week\data  

Database Class Loader started - derby.database.classpath=''
----------------------------------------------------------------
2013-08-11 03:05:27.742 GMT:
 Booting Derby version The Apache Software Foundation - Apache Derby - 10.5.3.0 - (802917): instance 65f6406f-0140-6b4a-6ffb-ffffb35b3fd6
on database directory C:\workspace\datapresso\dip\Resources\Dictionaries\Person\directional_indicators\data  

Database Class Loader started - derby.database.classpath=''
----------------------------------------------------------------
2013-08-11 03:05:27.983 GMT:
 Booting Derby version The Apache Software Foundation - Apache Derby - 10.5.3.0 - (802917): instance e6db4077-0140-6b4a-6ffb-ffffb35b3fd6
on database directory C:\workspace\datapresso\dip\Resources\Dictionaries\Person\famous_person_name\data  

Database Class Loader started - derby.database.classpath=''
----------------------------------------------------------------
2013-08-11 03:05:28.617 GMT:
 Booting Derby version The Apache Software Foundation - Apache Derby - 10.5.3.0 - (802917): instance 67d0407f-0140-6b4a-6ffb-ffffb35b3fd6
on database directory C:\workspace\datapresso\dip\Resources\Dictionaries\Person\first_name\data  

Database Class Loader started - derby.database.classpath=''
----------------------------------------------------------------
2013-08-11 03:05:32.216 GMT:
 Booting Derby version The Apache Software Foundation - Apache Derby - 10.5.3.0 - (802917): instance e8d54087-0140-6b4a-6ffb-ffffb35b3fd6
on database directory C:\workspace\datapresso\dip\Resources\Dictionaries\Person\last_name\data  

Database Class Loader started - derby.database.classpath=''
----------------------------------------------------------------
2013-08-11 03:05:43.491 GMT:
 Booting Derby version The Apache Software Foundation - Apache Derby - 10.5.3.0 - (802917): instance 69ea408f-0140-6b4a-6ffb-ffffb35b3fd6
on database directory C:\workspace\datapresso\dip\Resources\Dictionaries\Person\months_of_year\data  

Database Class Loader started - derby.database.classpath=''
