Mar 10, 2013 10:18:44 PM org.apache.uima.analysis_engine.impl.PrimitiveAnalysisEngine_impl callAnalysisComponentProcess(404)
SEVERE: Exception occurred
org.apache.uima.analysis_engine.AnalysisEngineProcessException: Annotator processing failed.    
	at org.apache.uima.analysis_engine.impl.PrimitiveAnalysisEngine_impl.callAnalysisComponentProcess(PrimitiveAnalysisEngine_impl.java:390)
	at org.apache.uima.analysis_engine.impl.PrimitiveAnalysisEngine_impl.processAndOutputNewCASes(PrimitiveAnalysisEngine_impl.java:298)
	at org.apache.uima.analysis_engine.asb.impl.ASB_impl$AggregateCasIterator.processUntilNextOutputCas(ASB_impl.java:567)
	at org.apache.uima.analysis_engine.asb.impl.ASB_impl$AggregateCasIterator.<init>(ASB_impl.java:409)
	at org.apache.uima.analysis_engine.asb.impl.ASB_impl.process(ASB_impl.java:342)
	at org.apache.uima.analysis_engine.impl.AggregateAnalysisEngine_impl.processAndOutputNewCASes(AggregateAnalysisEngine_impl.java:267)
	at com.ibm.dltj.ua.uima.Analyzer.internRunScan(Analyzer.java:396)
	at com.ibm.dltj.ua.uima.Analyzer.runScan(Analyzer.java:337)
	at com.ibm.dltj.ua.uima.DocumentAnalyzer.runScan(DocumentAnalyzer.java:729)
	at com.ibm.dltj.ua.editor.ReconcilingStrategy.runScan(ReconcilingStrategy.java:92)
	at com.ibm.dltj.ua.editor.ReconcilingStrategy.reconcile(ReconcilingStrategy.java:71)
	at org.eclipse.jface.text.reconciler.MonoReconciler.process(MonoReconciler.java:77)
	at org.eclipse.jface.text.reconciler.AbstractReconciler$BackgroundThread.run(AbstractReconciler.java:206)
Caused by: java.lang.NullPointerException
	at com.ibm.dltj.uima_annotator.lex_analysis.generic.TypeManager.getFeatureCode(Unknown Source)
	at com.ibm.dltj.uima_annotator.lex_analysis.generic.AnnotateContextImpl.addLemmaFS(Unknown Source)
	at com.ibm.dltj.uima_annotator.lex_analysis.AnnotationsCreator.runGlossAnnotate(Unknown Source)
	at com.ibm.dltj.uima_annotator.lex_analysis.ResultHandler.processGloss(Unknown Source)
	at com.ibm.dltj.uima_annotator.lex_analysis.ResultHandler.createStd(Unknown Source)
	at com.ibm.dltj.fst.MWUParser$CreateStdInfo.callFunction(Unknown Source)
	at com.ibm.dltj.fst.MWUParser.callBufferedFunctions(Unknown Source)
	at com.ibm.dltj.fst.MWUParser.processResults(Unknown Source)
	at com.ibm.dltj.fst.MWUParser.close(Unknown Source)
	at com.ibm.dltj.UniLexAnalyzer.doTextProcessing(Unknown Source)
	at com.ibm.dltj.UniLexAnalyzer.processTextMW(Unknown Source)
	at com.ibm.dltj.Session.processTextMW(Unknown Source)
	at com.ibm.dltj.uima_annotator.lex_analysis.LexicalAnalyzer.processText(Unknown Source)
	at com.ibm.dltj.uima_annotator.lex_analysis.LexicalAnalyzer.doProcessText(Unknown Source)
	at com.ibm.dltj.uima_annotator.lex_analysis.LexicalAnalyzer.process(Unknown Source)
	at com.ibm.dltj.uima_annotator.implBase.jFrostAnnotator_ImplBase.process(Unknown Source)
	at org.apache.uima.analysis_component.CasAnnotator_ImplBase.process(CasAnnotator_ImplBase.java:56)
	at org.apache.uima.analysis_engine.impl.PrimitiveAnalysisEngine_impl.callAnalysisComponentProcess(PrimitiveAnalysisEngine_impl.java:376)
	... 12 more
Mar 10, 2013 10:18:44 PM org.apache.uima.analysis_engine.impl.AggregateAnalysisEngine_impl processAndOutputNewCASes(275)
SEVERE: Exception occurred
org.apache.uima.analysis_engine.AnalysisEngineProcessException: Annotator processing failed.    
	at org.apache.uima.analysis_engine.impl.PrimitiveAnalysisEngine_impl.callAnalysisComponentProcess(PrimitiveAnalysisEngine_impl.java:390)
	at org.apache.uima.analysis_engine.impl.PrimitiveAnalysisEngine_impl.processAndOutputNewCASes(PrimitiveAnalysisEngine_impl.java:298)
	at org.apache.uima.analysis_engine.asb.impl.ASB_impl$AggregateCasIterator.processUntilNextOutputCas(ASB_impl.java:567)
	at org.apache.uima.analysis_engine.asb.impl.ASB_impl$AggregateCasIterator.<init>(ASB_impl.java:409)
	at org.apache.uima.analysis_engine.asb.impl.ASB_impl.process(ASB_impl.java:342)
	at org.apache.uima.analysis_engine.impl.AggregateAnalysisEngine_impl.processAndOutputNewCASes(AggregateAnalysisEngine_impl.java:267)
	at com.ibm.dltj.ua.uima.Analyzer.internRunScan(Analyzer.java:396)
	at com.ibm.dltj.ua.uima.Analyzer.runScan(Analyzer.java:337)
	at com.ibm.dltj.ua.uima.DocumentAnalyzer.runScan(DocumentAnalyzer.java:729)
	at com.ibm.dltj.ua.editor.ReconcilingStrategy.runScan(ReconcilingStrategy.java:92)
	at com.ibm.dltj.ua.editor.ReconcilingStrategy.reconcile(ReconcilingStrategy.java:71)
	at org.eclipse.jface.text.reconciler.MonoReconciler.process(MonoReconciler.java:77)
	at org.eclipse.jface.text.reconciler.AbstractReconciler$BackgroundThread.run(AbstractReconciler.java:206)
Caused by: java.lang.NullPointerException
	at com.ibm.dltj.uima_annotator.lex_analysis.generic.TypeManager.getFeatureCode(Unknown Source)
	at com.ibm.dltj.uima_annotator.lex_analysis.generic.AnnotateContextImpl.addLemmaFS(Unknown Source)
	at com.ibm.dltj.uima_annotator.lex_analysis.AnnotationsCreator.runGlossAnnotate(Unknown Source)
	at com.ibm.dltj.uima_annotator.lex_analysis.ResultHandler.processGloss(Unknown Source)
	at com.ibm.dltj.uima_annotator.lex_analysis.ResultHandler.createStd(Unknown Source)
	at com.ibm.dltj.fst.MWUParser$CreateStdInfo.callFunction(Unknown Source)
	at com.ibm.dltj.fst.MWUParser.callBufferedFunctions(Unknown Source)
	at com.ibm.dltj.fst.MWUParser.processResults(Unknown Source)
	at com.ibm.dltj.fst.MWUParser.close(Unknown Source)
	at com.ibm.dltj.UniLexAnalyzer.doTextProcessing(Unknown Source)
	at com.ibm.dltj.UniLexAnalyzer.processTextMW(Unknown Source)
	at com.ibm.dltj.Session.processTextMW(Unknown Source)
	at com.ibm.dltj.uima_annotator.lex_analysis.LexicalAnalyzer.processText(Unknown Source)
	at com.ibm.dltj.uima_annotator.lex_analysis.LexicalAnalyzer.doProcessText(Unknown Source)
	at com.ibm.dltj.uima_annotator.lex_analysis.LexicalAnalyzer.process(Unknown Source)
	at com.ibm.dltj.uima_annotator.implBase.jFrostAnnotator_ImplBase.process(Unknown Source)
	at org.apache.uima.analysis_component.CasAnnotator_ImplBase.process(CasAnnotator_ImplBase.java:56)
	at org.apache.uima.analysis_engine.impl.PrimitiveAnalysisEngine_impl.callAnalysisComponentProcess(PrimitiveAnalysisEngine_impl.java:376)
	... 12 more
Mar 10, 2013 10:28:33 PM org.apache.uima.analysis_engine.impl.PrimitiveAnalysisEngine_impl callAnalysisComponentProcess(404)
SEVERE: Exception occurred
org.apache.uima.analysis_engine.AnalysisEngineProcessException: Annotator processing failed.    
	at org.apache.uima.analysis_engine.impl.PrimitiveAnalysisEngine_impl.callAnalysisComponentProcess(PrimitiveAnalysisEngine_impl.java:390)
	at org.apache.uima.analysis_engine.impl.PrimitiveAnalysisEngine_impl.processAndOutputNewCASes(PrimitiveAnalysisEngine_impl.java:298)
	at org.apache.uima.analysis_engine.asb.impl.ASB_impl$AggregateCasIterator.processUntilNextOutputCas(ASB_impl.java:567)
	at org.apache.uima.analysis_engine.asb.impl.ASB_impl$AggregateCasIterator.<init>(ASB_impl.java:409)
	at org.apache.uima.analysis_engine.asb.impl.ASB_impl.process(ASB_impl.java:342)
	at org.apache.uima.analysis_engine.impl.AggregateAnalysisEngine_impl.processAndOutputNewCASes(AggregateAnalysisEngine_impl.java:267)
	at com.ibm.dltj.ua.uima.Analyzer.internRunScan(Analyzer.java:396)
	at com.ibm.dltj.ua.uima.Analyzer.runScan(Analyzer.java:337)
	at com.ibm.dltj.ua.uima.DocumentAnalyzer.runScan(DocumentAnalyzer.java:729)
	at com.ibm.dltj.ua.editor.ReconcilingStrategy.runScan(ReconcilingStrategy.java:92)
	at com.ibm.dltj.ua.editor.ReconcilingStrategy.reconcile(ReconcilingStrategy.java:71)
	at org.eclipse.jface.text.reconciler.MonoReconciler.process(MonoReconciler.java:77)
	at org.eclipse.jface.text.reconciler.AbstractReconciler$BackgroundThread.run(AbstractReconciler.java:206)
Caused by: java.lang.NullPointerException
	at com.ibm.dltj.uima_annotator.lex_analysis.generic.TypeManager.getFeatureCode(Unknown Source)
	at com.ibm.dltj.uima_annotator.lex_analysis.generic.AnnotateContextImpl.addLemmaFS(Unknown Source)
	at com.ibm.dltj.uima_annotator.lex_analysis.AnnotationsCreator.runGlossAnnotate(Unknown Source)
	at com.ibm.dltj.uima_annotator.lex_analysis.ResultHandler.processGloss(Unknown Source)
	at com.ibm.dltj.uima_annotator.lex_analysis.ResultHandler.createStd(Unknown Source)
	at com.ibm.dltj.fst.MWUParser$CreateStdInfo.callFunction(Unknown Source)
	at com.ibm.dltj.fst.MWUParser.callBufferedFunctions(Unknown Source)
	at com.ibm.dltj.fst.MWUParser.processResults(Unknown Source)
	at com.ibm.dltj.fst.MWUParser.close(Unknown Source)
	at com.ibm.dltj.UniLexAnalyzer.doTextProcessing(Unknown Source)
	at com.ibm.dltj.UniLexAnalyzer.processTextMW(Unknown Source)
	at com.ibm.dltj.Session.processTextMW(Unknown Source)
	at com.ibm.dltj.uima_annotator.lex_analysis.LexicalAnalyzer.processText(Unknown Source)
	at com.ibm.dltj.uima_annotator.lex_analysis.LexicalAnalyzer.doProcessText(Unknown Source)
	at com.ibm.dltj.uima_annotator.lex_analysis.LexicalAnalyzer.process(Unknown Source)
	at com.ibm.dltj.uima_annotator.implBase.jFrostAnnotator_ImplBase.process(Unknown Source)
	at org.apache.uima.analysis_component.CasAnnotator_ImplBase.process(CasAnnotator_ImplBase.java:56)
	at org.apache.uima.analysis_engine.impl.PrimitiveAnalysisEngine_impl.callAnalysisComponentProcess(PrimitiveAnalysisEngine_impl.java:376)
	... 12 more
Mar 10, 2013 10:28:33 PM org.apache.uima.analysis_engine.impl.AggregateAnalysisEngine_impl processAndOutputNewCASes(275)
SEVERE: Exception occurred
org.apache.uima.analysis_engine.AnalysisEngineProcessException: Annotator processing failed.    
	at org.apache.uima.analysis_engine.impl.PrimitiveAnalysisEngine_impl.callAnalysisComponentProcess(PrimitiveAnalysisEngine_impl.java:390)
	at org.apache.uima.analysis_engine.impl.PrimitiveAnalysisEngine_impl.processAndOutputNewCASes(PrimitiveAnalysisEngine_impl.java:298)
	at org.apache.uima.analysis_engine.asb.impl.ASB_impl$AggregateCasIterator.processUntilNextOutputCas(ASB_impl.java:567)
	at org.apache.uima.analysis_engine.asb.impl.ASB_impl$AggregateCasIterator.<init>(ASB_impl.java:409)
	at org.apache.uima.analysis_engine.asb.impl.ASB_impl.process(ASB_impl.java:342)
	at org.apache.uima.analysis_engine.impl.AggregateAnalysisEngine_impl.processAndOutputNewCASes(AggregateAnalysisEngine_impl.java:267)
	at com.ibm.dltj.ua.uima.Analyzer.internRunScan(Analyzer.java:396)
	at com.ibm.dltj.ua.uima.Analyzer.runScan(Analyzer.java:337)
	at com.ibm.dltj.ua.uima.DocumentAnalyzer.runScan(DocumentAnalyzer.java:729)
	at com.ibm.dltj.ua.editor.ReconcilingStrategy.runScan(ReconcilingStrategy.java:92)
	at com.ibm.dltj.ua.editor.ReconcilingStrategy.reconcile(ReconcilingStrategy.java:71)
	at org.eclipse.jface.text.reconciler.MonoReconciler.process(MonoReconciler.java:77)
	at org.eclipse.jface.text.reconciler.AbstractReconciler$BackgroundThread.run(AbstractReconciler.java:206)
Caused by: java.lang.NullPointerException
	at com.ibm.dltj.uima_annotator.lex_analysis.generic.TypeManager.getFeatureCode(Unknown Source)
	at com.ibm.dltj.uima_annotator.lex_analysis.generic.AnnotateContextImpl.addLemmaFS(Unknown Source)
	at com.ibm.dltj.uima_annotator.lex_analysis.AnnotationsCreator.runGlossAnnotate(Unknown Source)
	at com.ibm.dltj.uima_annotator.lex_analysis.ResultHandler.processGloss(Unknown Source)
	at com.ibm.dltj.uima_annotator.lex_analysis.ResultHandler.createStd(Unknown Source)
	at com.ibm.dltj.fst.MWUParser$CreateStdInfo.callFunction(Unknown Source)
	at com.ibm.dltj.fst.MWUParser.callBufferedFunctions(Unknown Source)
	at com.ibm.dltj.fst.MWUParser.processResults(Unknown Source)
	at com.ibm.dltj.fst.MWUParser.close(Unknown Source)
	at com.ibm.dltj.UniLexAnalyzer.doTextProcessing(Unknown Source)
	at com.ibm.dltj.UniLexAnalyzer.processTextMW(Unknown Source)
	at com.ibm.dltj.Session.processTextMW(Unknown Source)
	at com.ibm.dltj.uima_annotator.lex_analysis.LexicalAnalyzer.processText(Unknown Source)
	at com.ibm.dltj.uima_annotator.lex_analysis.LexicalAnalyzer.doProcessText(Unknown Source)
	at com.ibm.dltj.uima_annotator.lex_analysis.LexicalAnalyzer.process(Unknown Source)
	at com.ibm.dltj.uima_annotator.implBase.jFrostAnnotator_ImplBase.process(Unknown Source)
	at org.apache.uima.analysis_component.CasAnnotator_ImplBase.process(CasAnnotator_ImplBase.java:56)
	at org.apache.uima.analysis_engine.impl.PrimitiveAnalysisEngine_impl.callAnalysisComponentProcess(PrimitiveAnalysisEngine_impl.java:376)
	... 12 more
Mar 10, 2013 10:28:35 PM org.apache.uima.analysis_engine.impl.PrimitiveAnalysisEngine_impl callAnalysisComponentProcess(404)
SEVERE: Exception occurred
org.apache.uima.analysis_engine.AnalysisEngineProcessException: Annotator processing failed.    
	at org.apache.uima.analysis_engine.impl.PrimitiveAnalysisEngine_impl.callAnalysisComponentProcess(PrimitiveAnalysisEngine_impl.java:390)
	at org.apache.uima.analysis_engine.impl.PrimitiveAnalysisEngine_impl.processAndOutputNewCASes(PrimitiveAnalysisEngine_impl.java:298)
	at org.apache.uima.analysis_engine.asb.impl.ASB_impl$AggregateCasIterator.processUntilNextOutputCas(ASB_impl.java:567)
	at org.apache.uima.analysis_engine.asb.impl.ASB_impl$AggregateCasIterator.<init>(ASB_impl.java:409)
	at org.apache.uima.analysis_engine.asb.impl.ASB_impl.process(ASB_impl.java:342)
	at org.apache.uima.analysis_engine.impl.AggregateAnalysisEngine_impl.processAndOutputNewCASes(AggregateAnalysisEngine_impl.java:267)
	at com.ibm.dltj.ua.uima.Analyzer.internRunScan(Analyzer.java:396)
	at com.ibm.dltj.ua.uima.Analyzer.runScan(Analyzer.java:337)
	at com.ibm.dltj.ua.uima.DocumentAnalyzer.runScan(DocumentAnalyzer.java:729)
	at com.ibm.dltj.ua.editor.ReconcilingStrategy.runScan(ReconcilingStrategy.java:92)
	at com.ibm.dltj.ua.editor.ReconcilingStrategy.reconcile(ReconcilingStrategy.java:71)
	at org.eclipse.jface.text.reconciler.MonoReconciler.process(MonoReconciler.java:77)
	at org.eclipse.jface.text.reconciler.AbstractReconciler$BackgroundThread.run(AbstractReconciler.java:206)
Caused by: java.lang.NullPointerException
	at com.ibm.dltj.uima_annotator.lex_analysis.generic.TypeManager.getFeatureCode(Unknown Source)
	at com.ibm.dltj.uima_annotator.lex_analysis.generic.AnnotateContextImpl.addLemmaFS(Unknown Source)
	at com.ibm.dltj.uima_annotator.lex_analysis.AnnotationsCreator.runGlossAnnotate(Unknown Source)
	at com.ibm.dltj.uima_annotator.lex_analysis.ResultHandler.processGloss(Unknown Source)
	at com.ibm.dltj.uima_annotator.lex_analysis.ResultHandler.createStd(Unknown Source)
	at com.ibm.dltj.fst.MWUParser$CreateStdInfo.callFunction(Unknown Source)
	at com.ibm.dltj.fst.MWUParser.callBufferedFunctions(Unknown Source)
	at com.ibm.dltj.fst.MWUParser.processResults(Unknown Source)
	at com.ibm.dltj.fst.MWUParser.close(Unknown Source)
	at com.ibm.dltj.UniLexAnalyzer.doTextProcessing(Unknown Source)
	at com.ibm.dltj.UniLexAnalyzer.processTextMW(Unknown Source)
	at com.ibm.dltj.Session.processTextMW(Unknown Source)
	at com.ibm.dltj.uima_annotator.lex_analysis.LexicalAnalyzer.processText(Unknown Source)
	at com.ibm.dltj.uima_annotator.lex_analysis.LexicalAnalyzer.doProcessText(Unknown Source)
	at com.ibm.dltj.uima_annotator.lex_analysis.LexicalAnalyzer.process(Unknown Source)
	at com.ibm.dltj.uima_annotator.implBase.jFrostAnnotator_ImplBase.process(Unknown Source)
	at org.apache.uima.analysis_component.CasAnnotator_ImplBase.process(CasAnnotator_ImplBase.java:56)
	at org.apache.uima.analysis_engine.impl.PrimitiveAnalysisEngine_impl.callAnalysisComponentProcess(PrimitiveAnalysisEngine_impl.java:376)
	... 12 more
Mar 10, 2013 10:28:35 PM org.apache.uima.analysis_engine.impl.AggregateAnalysisEngine_impl processAndOutputNewCASes(275)
SEVERE: Exception occurred
org.apache.uima.analysis_engine.AnalysisEngineProcessException: Annotator processing failed.    
	at org.apache.uima.analysis_engine.impl.PrimitiveAnalysisEngine_impl.callAnalysisComponentProcess(PrimitiveAnalysisEngine_impl.java:390)
	at org.apache.uima.analysis_engine.impl.PrimitiveAnalysisEngine_impl.processAndOutputNewCASes(PrimitiveAnalysisEngine_impl.java:298)
	at org.apache.uima.analysis_engine.asb.impl.ASB_impl$AggregateCasIterator.processUntilNextOutputCas(ASB_impl.java:567)
	at org.apache.uima.analysis_engine.asb.impl.ASB_impl$AggregateCasIterator.<init>(ASB_impl.java:409)
	at org.apache.uima.analysis_engine.asb.impl.ASB_impl.process(ASB_impl.java:342)
	at org.apache.uima.analysis_engine.impl.AggregateAnalysisEngine_impl.processAndOutputNewCASes(AggregateAnalysisEngine_impl.java:267)
	at com.ibm.dltj.ua.uima.Analyzer.internRunScan(Analyzer.java:396)
	at com.ibm.dltj.ua.uima.Analyzer.runScan(Analyzer.java:337)
	at com.ibm.dltj.ua.uima.DocumentAnalyzer.runScan(DocumentAnalyzer.java:729)
	at com.ibm.dltj.ua.editor.ReconcilingStrategy.runScan(ReconcilingStrategy.java:92)
	at com.ibm.dltj.ua.editor.ReconcilingStrategy.reconcile(ReconcilingStrategy.java:71)
	at org.eclipse.jface.text.reconciler.MonoReconciler.process(MonoReconciler.java:77)
	at org.eclipse.jface.text.reconciler.AbstractReconciler$BackgroundThread.run(AbstractReconciler.java:206)
Caused by: java.lang.NullPointerException
	at com.ibm.dltj.uima_annotator.lex_analysis.generic.TypeManager.getFeatureCode(Unknown Source)
	at com.ibm.dltj.uima_annotator.lex_analysis.generic.AnnotateContextImpl.addLemmaFS(Unknown Source)
	at com.ibm.dltj.uima_annotator.lex_analysis.AnnotationsCreator.runGlossAnnotate(Unknown Source)
	at com.ibm.dltj.uima_annotator.lex_analysis.ResultHandler.processGloss(Unknown Source)
	at com.ibm.dltj.uima_annotator.lex_analysis.ResultHandler.createStd(Unknown Source)
	at com.ibm.dltj.fst.MWUParser$CreateStdInfo.callFunction(Unknown Source)
	at com.ibm.dltj.fst.MWUParser.callBufferedFunctions(Unknown Source)
	at com.ibm.dltj.fst.MWUParser.processResults(Unknown Source)
	at com.ibm.dltj.fst.MWUParser.close(Unknown Source)
	at com.ibm.dltj.UniLexAnalyzer.doTextProcessing(Unknown Source)
	at com.ibm.dltj.UniLexAnalyzer.processTextMW(Unknown Source)
	at com.ibm.dltj.Session.processTextMW(Unknown Source)
	at com.ibm.dltj.uima_annotator.lex_analysis.LexicalAnalyzer.processText(Unknown Source)
	at com.ibm.dltj.uima_annotator.lex_analysis.LexicalAnalyzer.doProcessText(Unknown Source)
	at com.ibm.dltj.uima_annotator.lex_analysis.LexicalAnalyzer.process(Unknown Source)
	at com.ibm.dltj.uima_annotator.implBase.jFrostAnnotator_ImplBase.process(Unknown Source)
	at org.apache.uima.analysis_component.CasAnnotator_ImplBase.process(CasAnnotator_ImplBase.java:56)
	at org.apache.uima.analysis_engine.impl.PrimitiveAnalysisEngine_impl.callAnalysisComponentProcess(PrimitiveAnalysisEngine_impl.java:376)
	... 12 more
Mar 10, 2013 10:30:21 PM org.apache.uima.analysis_engine.impl.PrimitiveAnalysisEngine_impl callAnalysisComponentProcess(404)
SEVERE: Exception occurred
org.apache.uima.analysis_engine.AnalysisEngineProcessException: Annotator processing failed.    
	at org.apache.uima.analysis_engine.impl.PrimitiveAnalysisEngine_impl.callAnalysisComponentProcess(PrimitiveAnalysisEngine_impl.java:390)
	at org.apache.uima.analysis_engine.impl.PrimitiveAnalysisEngine_impl.processAndOutputNewCASes(PrimitiveAnalysisEngine_impl.java:298)
	at org.apache.uima.analysis_engine.asb.impl.ASB_impl$AggregateCasIterator.processUntilNextOutputCas(ASB_impl.java:567)
	at org.apache.uima.analysis_engine.asb.impl.ASB_impl$AggregateCasIterator.<init>(ASB_impl.java:409)
	at org.apache.uima.analysis_engine.asb.impl.ASB_impl.process(ASB_impl.java:342)
	at org.apache.uima.analysis_engine.impl.AggregateAnalysisEngine_impl.processAndOutputNewCASes(AggregateAnalysisEngine_impl.java:267)
	at com.ibm.dltj.ua.uima.Analyzer.internRunScan(Analyzer.java:396)
	at com.ibm.dltj.ua.uima.Analyzer.runScan(Analyzer.java:337)
	at com.ibm.dltj.ua.uima.DocumentAnalyzer.runScan(DocumentAnalyzer.java:729)
	at com.ibm.dltj.ua.editor.ReconcilingStrategy.runScan(ReconcilingStrategy.java:92)
	at com.ibm.dltj.ua.editor.ReconcilingStrategy.reconcile(ReconcilingStrategy.java:71)
	at org.eclipse.jface.text.reconciler.MonoReconciler.process(MonoReconciler.java:77)
	at org.eclipse.jface.text.reconciler.AbstractReconciler$BackgroundThread.run(AbstractReconciler.java:206)
Caused by: java.lang.NullPointerException
	at com.ibm.dltj.uima_annotator.lex_analysis.generic.TypeManager.getFeatureCode(Unknown Source)
	at com.ibm.dltj.uima_annotator.lex_analysis.generic.AnnotateContextImpl.addLemmaFS(Unknown Source)
	at com.ibm.dltj.uima_annotator.lex_analysis.AnnotationsCreator.runGlossAnnotate(Unknown Source)
	at com.ibm.dltj.uima_annotator.lex_analysis.ResultHandler.processGloss(Unknown Source)
	at com.ibm.dltj.uima_annotator.lex_analysis.ResultHandler.createStd(Unknown Source)
	at com.ibm.dltj.fst.MWUParser$CreateStdInfo.callFunction(Unknown Source)
	at com.ibm.dltj.fst.MWUParser.callBufferedFunctions(Unknown Source)
	at com.ibm.dltj.fst.MWUParser.processResults(Unknown Source)
	at com.ibm.dltj.fst.MWUParser.close(Unknown Source)
	at com.ibm.dltj.UniLexAnalyzer.doTextProcessing(Unknown Source)
	at com.ibm.dltj.UniLexAnalyzer.processTextMW(Unknown Source)
	at com.ibm.dltj.Session.processTextMW(Unknown Source)
	at com.ibm.dltj.uima_annotator.lex_analysis.LexicalAnalyzer.processText(Unknown Source)
	at com.ibm.dltj.uima_annotator.lex_analysis.LexicalAnalyzer.doProcessText(Unknown Source)
	at com.ibm.dltj.uima_annotator.lex_analysis.LexicalAnalyzer.process(Unknown Source)
	at com.ibm.dltj.uima_annotator.implBase.jFrostAnnotator_ImplBase.process(Unknown Source)
	at org.apache.uima.analysis_component.CasAnnotator_ImplBase.process(CasAnnotator_ImplBase.java:56)
	at org.apache.uima.analysis_engine.impl.PrimitiveAnalysisEngine_impl.callAnalysisComponentProcess(PrimitiveAnalysisEngine_impl.java:376)
	... 12 more
Mar 10, 2013 10:30:21 PM org.apache.uima.analysis_engine.impl.AggregateAnalysisEngine_impl processAndOutputNewCASes(275)
SEVERE: Exception occurred
org.apache.uima.analysis_engine.AnalysisEngineProcessException: Annotator processing failed.    
	at org.apache.uima.analysis_engine.impl.PrimitiveAnalysisEngine_impl.callAnalysisComponentProcess(PrimitiveAnalysisEngine_impl.java:390)
	at org.apache.uima.analysis_engine.impl.PrimitiveAnalysisEngine_impl.processAndOutputNewCASes(PrimitiveAnalysisEngine_impl.java:298)
	at org.apache.uima.analysis_engine.asb.impl.ASB_impl$AggregateCasIterator.processUntilNextOutputCas(ASB_impl.java:567)
	at org.apache.uima.analysis_engine.asb.impl.ASB_impl$AggregateCasIterator.<init>(ASB_impl.java:409)
	at org.apache.uima.analysis_engine.asb.impl.ASB_impl.process(ASB_impl.java:342)
	at org.apache.uima.analysis_engine.impl.AggregateAnalysisEngine_impl.processAndOutputNewCASes(AggregateAnalysisEngine_impl.java:267)
	at com.ibm.dltj.ua.uima.Analyzer.internRunScan(Analyzer.java:396)
	at com.ibm.dltj.ua.uima.Analyzer.runScan(Analyzer.java:337)
	at com.ibm.dltj.ua.uima.DocumentAnalyzer.runScan(DocumentAnalyzer.java:729)
	at com.ibm.dltj.ua.editor.ReconcilingStrategy.runScan(ReconcilingStrategy.java:92)
	at com.ibm.dltj.ua.editor.ReconcilingStrategy.reconcile(ReconcilingStrategy.java:71)
	at org.eclipse.jface.text.reconciler.MonoReconciler.process(MonoReconciler.java:77)
	at org.eclipse.jface.text.reconciler.AbstractReconciler$BackgroundThread.run(AbstractReconciler.java:206)
Caused by: java.lang.NullPointerException
	at com.ibm.dltj.uima_annotator.lex_analysis.generic.TypeManager.getFeatureCode(Unknown Source)
	at com.ibm.dltj.uima_annotator.lex_analysis.generic.AnnotateContextImpl.addLemmaFS(Unknown Source)
	at com.ibm.dltj.uima_annotator.lex_analysis.AnnotationsCreator.runGlossAnnotate(Unknown Source)
	at com.ibm.dltj.uima_annotator.lex_analysis.ResultHandler.processGloss(Unknown Source)
	at com.ibm.dltj.uima_annotator.lex_analysis.ResultHandler.createStd(Unknown Source)
	at com.ibm.dltj.fst.MWUParser$CreateStdInfo.callFunction(Unknown Source)
	at com.ibm.dltj.fst.MWUParser.callBufferedFunctions(Unknown Source)
	at com.ibm.dltj.fst.MWUParser.processResults(Unknown Source)
	at com.ibm.dltj.fst.MWUParser.close(Unknown Source)
	at com.ibm.dltj.UniLexAnalyzer.doTextProcessing(Unknown Source)
	at com.ibm.dltj.UniLexAnalyzer.processTextMW(Unknown Source)
	at com.ibm.dltj.Session.processTextMW(Unknown Source)
	at com.ibm.dltj.uima_annotator.lex_analysis.LexicalAnalyzer.processText(Unknown Source)
	at com.ibm.dltj.uima_annotator.lex_analysis.LexicalAnalyzer.doProcessText(Unknown Source)
	at com.ibm.dltj.uima_annotator.lex_analysis.LexicalAnalyzer.process(Unknown Source)
	at com.ibm.dltj.uima_annotator.implBase.jFrostAnnotator_ImplBase.process(Unknown Source)
	at org.apache.uima.analysis_component.CasAnnotator_ImplBase.process(CasAnnotator_ImplBase.java:56)
	at org.apache.uima.analysis_engine.impl.PrimitiveAnalysisEngine_impl.callAnalysisComponentProcess(PrimitiveAnalysisEngine_impl.java:376)
	... 12 more
Mar 10, 2013 10:30:23 PM org.apache.uima.analysis_engine.impl.PrimitiveAnalysisEngine_impl callAnalysisComponentProcess(404)
SEVERE: Exception occurred
org.apache.uima.analysis_engine.AnalysisEngineProcessException: Annotator processing failed.    
	at org.apache.uima.analysis_engine.impl.PrimitiveAnalysisEngine_impl.callAnalysisComponentProcess(PrimitiveAnalysisEngine_impl.java:390)
	at org.apache.uima.analysis_engine.impl.PrimitiveAnalysisEngine_impl.processAndOutputNewCASes(PrimitiveAnalysisEngine_impl.java:298)
	at org.apache.uima.analysis_engine.asb.impl.ASB_impl$AggregateCasIterator.processUntilNextOutputCas(ASB_impl.java:567)
	at org.apache.uima.analysis_engine.asb.impl.ASB_impl$AggregateCasIterator.<init>(ASB_impl.java:409)
	at org.apache.uima.analysis_engine.asb.impl.ASB_impl.process(ASB_impl.java:342)
	at org.apache.uima.analysis_engine.impl.AggregateAnalysisEngine_impl.processAndOutputNewCASes(AggregateAnalysisEngine_impl.java:267)
	at com.ibm.dltj.ua.uima.Analyzer.internRunScan(Analyzer.java:396)
	at com.ibm.dltj.ua.uima.Analyzer.runScan(Analyzer.java:337)
	at com.ibm.dltj.ua.uima.DocumentAnalyzer.runScan(DocumentAnalyzer.java:729)
	at com.ibm.dltj.ua.editor.ReconcilingStrategy.runScan(ReconcilingStrategy.java:92)
	at com.ibm.dltj.ua.editor.ReconcilingStrategy.reconcile(ReconcilingStrategy.java:71)
	at org.eclipse.jface.text.reconciler.MonoReconciler.process(MonoReconciler.java:77)
	at org.eclipse.jface.text.reconciler.AbstractReconciler$BackgroundThread.run(AbstractReconciler.java:206)
Caused by: java.lang.NullPointerException
	at com.ibm.dltj.uima_annotator.lex_analysis.generic.TypeManager.getFeatureCode(Unknown Source)
	at com.ibm.dltj.uima_annotator.lex_analysis.generic.AnnotateContextImpl.addLemmaFS(Unknown Source)
	at com.ibm.dltj.uima_annotator.lex_analysis.AnnotationsCreator.runGlossAnnotate(Unknown Source)
	at com.ibm.dltj.uima_annotator.lex_analysis.ResultHandler.processGloss(Unknown Source)
	at com.ibm.dltj.uima_annotator.lex_analysis.ResultHandler.createStd(Unknown Source)
	at com.ibm.dltj.fst.MWUParser$CreateStdInfo.callFunction(Unknown Source)
	at com.ibm.dltj.fst.MWUParser.callBufferedFunctions(Unknown Source)
	at com.ibm.dltj.fst.MWUParser.processResults(Unknown Source)
	at com.ibm.dltj.fst.MWUParser.close(Unknown Source)
	at com.ibm.dltj.UniLexAnalyzer.doTextProcessing(Unknown Source)
	at com.ibm.dltj.UniLexAnalyzer.processTextMW(Unknown Source)
	at com.ibm.dltj.Session.processTextMW(Unknown Source)
	at com.ibm.dltj.uima_annotator.lex_analysis.LexicalAnalyzer.processText(Unknown Source)
	at com.ibm.dltj.uima_annotator.lex_analysis.LexicalAnalyzer.doProcessText(Unknown Source)
	at com.ibm.dltj.uima_annotator.lex_analysis.LexicalAnalyzer.process(Unknown Source)
	at com.ibm.dltj.uima_annotator.implBase.jFrostAnnotator_ImplBase.process(Unknown Source)
	at org.apache.uima.analysis_component.CasAnnotator_ImplBase.process(CasAnnotator_ImplBase.java:56)
	at org.apache.uima.analysis_engine.impl.PrimitiveAnalysisEngine_impl.callAnalysisComponentProcess(PrimitiveAnalysisEngine_impl.java:376)
	... 12 more
Mar 10, 2013 10:30:23 PM org.apache.uima.analysis_engine.impl.AggregateAnalysisEngine_impl processAndOutputNewCASes(275)
SEVERE: Exception occurred
org.apache.uima.analysis_engine.AnalysisEngineProcessException: Annotator processing failed.    
	at org.apache.uima.analysis_engine.impl.PrimitiveAnalysisEngine_impl.callAnalysisComponentProcess(PrimitiveAnalysisEngine_impl.java:390)
	at org.apache.uima.analysis_engine.impl.PrimitiveAnalysisEngine_impl.processAndOutputNewCASes(PrimitiveAnalysisEngine_impl.java:298)
	at org.apache.uima.analysis_engine.asb.impl.ASB_impl$AggregateCasIterator.processUntilNextOutputCas(ASB_impl.java:567)
	at org.apache.uima.analysis_engine.asb.impl.ASB_impl$AggregateCasIterator.<init>(ASB_impl.java:409)
	at org.apache.uima.analysis_engine.asb.impl.ASB_impl.process(ASB_impl.java:342)
	at org.apache.uima.analysis_engine.impl.AggregateAnalysisEngine_impl.processAndOutputNewCASes(AggregateAnalysisEngine_impl.java:267)
	at com.ibm.dltj.ua.uima.Analyzer.internRunScan(Analyzer.java:396)
	at com.ibm.dltj.ua.uima.Analyzer.runScan(Analyzer.java:337)
	at com.ibm.dltj.ua.uima.DocumentAnalyzer.runScan(DocumentAnalyzer.java:729)
	at com.ibm.dltj.ua.editor.ReconcilingStrategy.runScan(ReconcilingStrategy.java:92)
	at com.ibm.dltj.ua.editor.ReconcilingStrategy.reconcile(ReconcilingStrategy.java:71)
	at org.eclipse.jface.text.reconciler.MonoReconciler.process(MonoReconciler.java:77)
	at org.eclipse.jface.text.reconciler.AbstractReconciler$BackgroundThread.run(AbstractReconciler.java:206)
Caused by: java.lang.NullPointerException
	at com.ibm.dltj.uima_annotator.lex_analysis.generic.TypeManager.getFeatureCode(Unknown Source)
	at com.ibm.dltj.uima_annotator.lex_analysis.generic.AnnotateContextImpl.addLemmaFS(Unknown Source)
	at com.ibm.dltj.uima_annotator.lex_analysis.AnnotationsCreator.runGlossAnnotate(Unknown Source)
	at com.ibm.dltj.uima_annotator.lex_analysis.ResultHandler.processGloss(Unknown Source)
	at com.ibm.dltj.uima_annotator.lex_analysis.ResultHandler.createStd(Unknown Source)
	at com.ibm.dltj.fst.MWUParser$CreateStdInfo.callFunction(Unknown Source)
	at com.ibm.dltj.fst.MWUParser.callBufferedFunctions(Unknown Source)
	at com.ibm.dltj.fst.MWUParser.processResults(Unknown Source)
	at com.ibm.dltj.fst.MWUParser.close(Unknown Source)
	at com.ibm.dltj.UniLexAnalyzer.doTextProcessing(Unknown Source)
	at com.ibm.dltj.UniLexAnalyzer.processTextMW(Unknown Source)
	at com.ibm.dltj.Session.processTextMW(Unknown Source)
	at com.ibm.dltj.uima_annotator.lex_analysis.LexicalAnalyzer.processText(Unknown Source)
	at com.ibm.dltj.uima_annotator.lex_analysis.LexicalAnalyzer.doProcessText(Unknown Source)
	at com.ibm.dltj.uima_annotator.lex_analysis.LexicalAnalyzer.process(Unknown Source)
	at com.ibm.dltj.uima_annotator.implBase.jFrostAnnotator_ImplBase.process(Unknown Source)
	at org.apache.uima.analysis_component.CasAnnotator_ImplBase.process(CasAnnotator_ImplBase.java:56)
	at org.apache.uima.analysis_engine.impl.PrimitiveAnalysisEngine_impl.callAnalysisComponentProcess(PrimitiveAnalysisEngine_impl.java:376)
	... 12 more
Mar 10, 2013 10:31:01 PM org.apache.uima.analysis_engine.impl.PrimitiveAnalysisEngine_impl callAnalysisComponentProcess(404)
SEVERE: Exception occurred
org.apache.uima.analysis_engine.AnalysisEngineProcessException: Annotator processing failed.    
	at org.apache.uima.analysis_engine.impl.PrimitiveAnalysisEngine_impl.callAnalysisComponentProcess(PrimitiveAnalysisEngine_impl.java:390)
	at org.apache.uima.analysis_engine.impl.PrimitiveAnalysisEngine_impl.processAndOutputNewCASes(PrimitiveAnalysisEngine_impl.java:298)
	at org.apache.uima.analysis_engine.asb.impl.ASB_impl$AggregateCasIterator.processUntilNextOutputCas(ASB_impl.java:567)
	at org.apache.uima.analysis_engine.asb.impl.ASB_impl$AggregateCasIterator.<init>(ASB_impl.java:409)
	at org.apache.uima.analysis_engine.asb.impl.ASB_impl.process(ASB_impl.java:342)
	at org.apache.uima.analysis_engine.impl.AggregateAnalysisEngine_impl.processAndOutputNewCASes(AggregateAnalysisEngine_impl.java:267)
	at com.ibm.dltj.ua.uima.Analyzer.internRunScan(Analyzer.java:396)
	at com.ibm.dltj.ua.uima.Analyzer.runScan(Analyzer.java:337)
	at com.ibm.dltj.ua.uima.DocumentAnalyzer.runScan(DocumentAnalyzer.java:729)
	at com.ibm.dltj.ua.editor.ReconcilingStrategy.runScan(ReconcilingStrategy.java:92)
	at com.ibm.dltj.ua.editor.ReconcilingStrategy.reconcile(ReconcilingStrategy.java:71)
	at org.eclipse.jface.text.reconciler.MonoReconciler.process(MonoReconciler.java:77)
	at org.eclipse.jface.text.reconciler.AbstractReconciler$BackgroundThread.run(AbstractReconciler.java:206)
Caused by: java.lang.NullPointerException
	at com.ibm.dltj.uima_annotator.lex_analysis.generic.TypeManager.getFeatureCode(Unknown Source)
	at com.ibm.dltj.uima_annotator.lex_analysis.generic.AnnotateContextImpl.addLemmaFS(Unknown Source)
	at com.ibm.dltj.uima_annotator.lex_analysis.AnnotationsCreator.runGlossAnnotate(Unknown Source)
	at com.ibm.dltj.uima_annotator.lex_analysis.ResultHandler.processGloss(Unknown Source)
	at com.ibm.dltj.uima_annotator.lex_analysis.ResultHandler.createStd(Unknown Source)
	at com.ibm.dltj.fst.MWUParser$CreateStdInfo.callFunction(Unknown Source)
	at com.ibm.dltj.fst.MWUParser.callBufferedFunctions(Unknown Source)
	at com.ibm.dltj.fst.MWUParser.processResults(Unknown Source)
	at com.ibm.dltj.fst.MWUParser.close(Unknown Source)
	at com.ibm.dltj.UniLexAnalyzer.doTextProcessing(Unknown Source)
	at com.ibm.dltj.UniLexAnalyzer.processTextMW(Unknown Source)
	at com.ibm.dltj.Session.processTextMW(Unknown Source)
	at com.ibm.dltj.uima_annotator.lex_analysis.LexicalAnalyzer.processText(Unknown Source)
	at com.ibm.dltj.uima_annotator.lex_analysis.LexicalAnalyzer.doProcessText(Unknown Source)
	at com.ibm.dltj.uima_annotator.lex_analysis.LexicalAnalyzer.process(Unknown Source)
	at com.ibm.dltj.uima_annotator.implBase.jFrostAnnotator_ImplBase.process(Unknown Source)
	at org.apache.uima.analysis_component.CasAnnotator_ImplBase.process(CasAnnotator_ImplBase.java:56)
	at org.apache.uima.analysis_engine.impl.PrimitiveAnalysisEngine_impl.callAnalysisComponentProcess(PrimitiveAnalysisEngine_impl.java:376)
	... 12 more
Mar 10, 2013 10:31:01 PM org.apache.uima.analysis_engine.impl.AggregateAnalysisEngine_impl processAndOutputNewCASes(275)
SEVERE: Exception occurred
org.apache.uima.analysis_engine.AnalysisEngineProcessException: Annotator processing failed.    
	at org.apache.uima.analysis_engine.impl.PrimitiveAnalysisEngine_impl.callAnalysisComponentProcess(PrimitiveAnalysisEngine_impl.java:390)
	at org.apache.uima.analysis_engine.impl.PrimitiveAnalysisEngine_impl.processAndOutputNewCASes(PrimitiveAnalysisEngine_impl.java:298)
	at org.apache.uima.analysis_engine.asb.impl.ASB_impl$AggregateCasIterator.processUntilNextOutputCas(ASB_impl.java:567)
	at org.apache.uima.analysis_engine.asb.impl.ASB_impl$AggregateCasIterator.<init>(ASB_impl.java:409)
	at org.apache.uima.analysis_engine.asb.impl.ASB_impl.process(ASB_impl.java:342)
	at org.apache.uima.analysis_engine.impl.AggregateAnalysisEngine_impl.processAndOutputNewCASes(AggregateAnalysisEngine_impl.java:267)
	at com.ibm.dltj.ua.uima.Analyzer.internRunScan(Analyzer.java:396)
	at com.ibm.dltj.ua.uima.Analyzer.runScan(Analyzer.java:337)
	at com.ibm.dltj.ua.uima.DocumentAnalyzer.runScan(DocumentAnalyzer.java:729)
	at com.ibm.dltj.ua.editor.ReconcilingStrategy.runScan(ReconcilingStrategy.java:92)
	at com.ibm.dltj.ua.editor.ReconcilingStrategy.reconcile(ReconcilingStrategy.java:71)
	at org.eclipse.jface.text.reconciler.MonoReconciler.process(MonoReconciler.java:77)
	at org.eclipse.jface.text.reconciler.AbstractReconciler$BackgroundThread.run(AbstractReconciler.java:206)
Caused by: java.lang.NullPointerException
	at com.ibm.dltj.uima_annotator.lex_analysis.generic.TypeManager.getFeatureCode(Unknown Source)
	at com.ibm.dltj.uima_annotator.lex_analysis.generic.AnnotateContextImpl.addLemmaFS(Unknown Source)
	at com.ibm.dltj.uima_annotator.lex_analysis.AnnotationsCreator.runGlossAnnotate(Unknown Source)
	at com.ibm.dltj.uima_annotator.lex_analysis.ResultHandler.processGloss(Unknown Source)
	at com.ibm.dltj.uima_annotator.lex_analysis.ResultHandler.createStd(Unknown Source)
	at com.ibm.dltj.fst.MWUParser$CreateStdInfo.callFunction(Unknown Source)
	at com.ibm.dltj.fst.MWUParser.callBufferedFunctions(Unknown Source)
	at com.ibm.dltj.fst.MWUParser.processResults(Unknown Source)
	at com.ibm.dltj.fst.MWUParser.close(Unknown Source)
	at com.ibm.dltj.UniLexAnalyzer.doTextProcessing(Unknown Source)
	at com.ibm.dltj.UniLexAnalyzer.processTextMW(Unknown Source)
	at com.ibm.dltj.Session.processTextMW(Unknown Source)
	at com.ibm.dltj.uima_annotator.lex_analysis.LexicalAnalyzer.processText(Unknown Source)
	at com.ibm.dltj.uima_annotator.lex_analysis.LexicalAnalyzer.doProcessText(Unknown Source)
	at com.ibm.dltj.uima_annotator.lex_analysis.LexicalAnalyzer.process(Unknown Source)
	at com.ibm.dltj.uima_annotator.implBase.jFrostAnnotator_ImplBase.process(Unknown Source)
	at org.apache.uima.analysis_component.CasAnnotator_ImplBase.process(CasAnnotator_ImplBase.java:56)
	at org.apache.uima.analysis_engine.impl.PrimitiveAnalysisEngine_impl.callAnalysisComponentProcess(PrimitiveAnalysisEngine_impl.java:376)
	... 12 more
Mar 10, 2013 10:31:10 PM org.apache.uima.analysis_engine.impl.PrimitiveAnalysisEngine_impl callAnalysisComponentProcess(404)
SEVERE: Exception occurred
org.apache.uima.analysis_engine.AnalysisEngineProcessException: Annotator processing failed.    
	at org.apache.uima.analysis_engine.impl.PrimitiveAnalysisEngine_impl.callAnalysisComponentProcess(PrimitiveAnalysisEngine_impl.java:390)
	at org.apache.uima.analysis_engine.impl.PrimitiveAnalysisEngine_impl.processAndOutputNewCASes(PrimitiveAnalysisEngine_impl.java:298)
	at org.apache.uima.analysis_engine.asb.impl.ASB_impl$AggregateCasIterator.processUntilNextOutputCas(ASB_impl.java:567)
	at org.apache.uima.analysis_engine.asb.impl.ASB_impl$AggregateCasIterator.<init>(ASB_impl.java:409)
	at org.apache.uima.analysis_engine.asb.impl.ASB_impl.process(ASB_impl.java:342)
	at org.apache.uima.analysis_engine.impl.AggregateAnalysisEngine_impl.processAndOutputNewCASes(AggregateAnalysisEngine_impl.java:267)
	at com.ibm.dltj.ua.uima.Analyzer.internRunScan(Analyzer.java:396)
	at com.ibm.dltj.ua.uima.Analyzer.runScan(Analyzer.java:337)
	at com.ibm.dltj.ua.uima.DocumentAnalyzer.runScan(DocumentAnalyzer.java:729)
	at com.ibm.dltj.ua.editor.ReconcilingStrategy.runScan(ReconcilingStrategy.java:92)
	at com.ibm.dltj.ua.editor.ReconcilingStrategy.reconcile(ReconcilingStrategy.java:71)
	at org.eclipse.jface.text.reconciler.MonoReconciler.process(MonoReconciler.java:77)
	at org.eclipse.jface.text.reconciler.AbstractReconciler$BackgroundThread.run(AbstractReconciler.java:206)
Caused by: java.lang.NullPointerException
	at com.ibm.dltj.uima_annotator.lex_analysis.generic.TypeManager.getFeatureCode(Unknown Source)
	at com.ibm.dltj.uima_annotator.lex_analysis.generic.AnnotateContextImpl.addLemmaFS(Unknown Source)
	at com.ibm.dltj.uima_annotator.lex_analysis.AnnotationsCreator.runGlossAnnotate(Unknown Source)
	at com.ibm.dltj.uima_annotator.lex_analysis.ResultHandler.processGloss(Unknown Source)
	at com.ibm.dltj.uima_annotator.lex_analysis.ResultHandler.createStd(Unknown Source)
	at com.ibm.dltj.fst.MWUParser$CreateStdInfo.callFunction(Unknown Source)
	at com.ibm.dltj.fst.MWUParser.callBufferedFunctions(Unknown Source)
	at com.ibm.dltj.fst.MWUParser.processResults(Unknown Source)
	at com.ibm.dltj.fst.MWUParser.close(Unknown Source)
	at com.ibm.dltj.UniLexAnalyzer.doTextProcessing(Unknown Source)
	at com.ibm.dltj.UniLexAnalyzer.processTextMW(Unknown Source)
	at com.ibm.dltj.Session.processTextMW(Unknown Source)
	at com.ibm.dltj.uima_annotator.lex_analysis.LexicalAnalyzer.processText(Unknown Source)
	at com.ibm.dltj.uima_annotator.lex_analysis.LexicalAnalyzer.doProcessText(Unknown Source)
	at com.ibm.dltj.uima_annotator.lex_analysis.LexicalAnalyzer.process(Unknown Source)
	at com.ibm.dltj.uima_annotator.implBase.jFrostAnnotator_ImplBase.process(Unknown Source)
	at org.apache.uima.analysis_component.CasAnnotator_ImplBase.process(CasAnnotator_ImplBase.java:56)
	at org.apache.uima.analysis_engine.impl.PrimitiveAnalysisEngine_impl.callAnalysisComponentProcess(PrimitiveAnalysisEngine_impl.java:376)
	... 12 more
Mar 10, 2013 10:31:10 PM org.apache.uima.analysis_engine.impl.AggregateAnalysisEngine_impl processAndOutputNewCASes(275)
SEVERE: Exception occurred
org.apache.uima.analysis_engine.AnalysisEngineProcessException: Annotator processing failed.    
	at org.apache.uima.analysis_engine.impl.PrimitiveAnalysisEngine_impl.callAnalysisComponentProcess(PrimitiveAnalysisEngine_impl.java:390)
	at org.apache.uima.analysis_engine.impl.PrimitiveAnalysisEngine_impl.processAndOutputNewCASes(PrimitiveAnalysisEngine_impl.java:298)
	at org.apache.uima.analysis_engine.asb.impl.ASB_impl$AggregateCasIterator.processUntilNextOutputCas(ASB_impl.java:567)
	at org.apache.uima.analysis_engine.asb.impl.ASB_impl$AggregateCasIterator.<init>(ASB_impl.java:409)
	at org.apache.uima.analysis_engine.asb.impl.ASB_impl.process(ASB_impl.java:342)
	at org.apache.uima.analysis_engine.impl.AggregateAnalysisEngine_impl.processAndOutputNewCASes(AggregateAnalysisEngine_impl.java:267)
	at com.ibm.dltj.ua.uima.Analyzer.internRunScan(Analyzer.java:396)
	at com.ibm.dltj.ua.uima.Analyzer.runScan(Analyzer.java:337)
	at com.ibm.dltj.ua.uima.DocumentAnalyzer.runScan(DocumentAnalyzer.java:729)
	at com.ibm.dltj.ua.editor.ReconcilingStrategy.runScan(ReconcilingStrategy.java:92)
	at com.ibm.dltj.ua.editor.ReconcilingStrategy.reconcile(ReconcilingStrategy.java:71)
	at org.eclipse.jface.text.reconciler.MonoReconciler.process(MonoReconciler.java:77)
	at org.eclipse.jface.text.reconciler.AbstractReconciler$BackgroundThread.run(AbstractReconciler.java:206)
Caused by: java.lang.NullPointerException
	at com.ibm.dltj.uima_annotator.lex_analysis.generic.TypeManager.getFeatureCode(Unknown Source)
	at com.ibm.dltj.uima_annotator.lex_analysis.generic.AnnotateContextImpl.addLemmaFS(Unknown Source)
	at com.ibm.dltj.uima_annotator.lex_analysis.AnnotationsCreator.runGlossAnnotate(Unknown Source)
	at com.ibm.dltj.uima_annotator.lex_analysis.ResultHandler.processGloss(Unknown Source)
	at com.ibm.dltj.uima_annotator.lex_analysis.ResultHandler.createStd(Unknown Source)
	at com.ibm.dltj.fst.MWUParser$CreateStdInfo.callFunction(Unknown Source)
	at com.ibm.dltj.fst.MWUParser.callBufferedFunctions(Unknown Source)
	at com.ibm.dltj.fst.MWUParser.processResults(Unknown Source)
	at com.ibm.dltj.fst.MWUParser.close(Unknown Source)
	at com.ibm.dltj.UniLexAnalyzer.doTextProcessing(Unknown Source)
	at com.ibm.dltj.UniLexAnalyzer.processTextMW(Unknown Source)
	at com.ibm.dltj.Session.processTextMW(Unknown Source)
	at com.ibm.dltj.uima_annotator.lex_analysis.LexicalAnalyzer.processText(Unknown Source)
	at com.ibm.dltj.uima_annotator.lex_analysis.LexicalAnalyzer.doProcessText(Unknown Source)
	at com.ibm.dltj.uima_annotator.lex_analysis.LexicalAnalyzer.process(Unknown Source)
	at com.ibm.dltj.uima_annotator.implBase.jFrostAnnotator_ImplBase.process(Unknown Source)
	at org.apache.uima.analysis_component.CasAnnotator_ImplBase.process(CasAnnotator_ImplBase.java:56)
	at org.apache.uima.analysis_engine.impl.PrimitiveAnalysisEngine_impl.callAnalysisComponentProcess(PrimitiveAnalysisEngine_impl.java:376)
	... 12 more
Mar 10, 2013 10:31:21 PM org.apache.uima.analysis_engine.impl.PrimitiveAnalysisEngine_impl callAnalysisComponentProcess(404)
SEVERE: Exception occurred
org.apache.uima.analysis_engine.AnalysisEngineProcessException: Annotator processing failed.    
	at org.apache.uima.analysis_engine.impl.PrimitiveAnalysisEngine_impl.callAnalysisComponentProcess(PrimitiveAnalysisEngine_impl.java:390)
	at org.apache.uima.analysis_engine.impl.PrimitiveAnalysisEngine_impl.processAndOutputNewCASes(PrimitiveAnalysisEngine_impl.java:298)
	at org.apache.uima.analysis_engine.asb.impl.ASB_impl$AggregateCasIterator.processUntilNextOutputCas(ASB_impl.java:567)
	at org.apache.uima.analysis_engine.asb.impl.ASB_impl$AggregateCasIterator.<init>(ASB_impl.java:409)
	at org.apache.uima.analysis_engine.asb.impl.ASB_impl.process(ASB_impl.java:342)
	at org.apache.uima.analysis_engine.impl.AggregateAnalysisEngine_impl.processAndOutputNewCASes(AggregateAnalysisEngine_impl.java:267)
	at com.ibm.dltj.ua.uima.Analyzer.internRunScan(Analyzer.java:396)
	at com.ibm.dltj.ua.uima.Analyzer.runScan(Analyzer.java:337)
	at com.ibm.dltj.ua.uima.DocumentAnalyzer.runScan(DocumentAnalyzer.java:729)
	at com.ibm.dltj.ua.editor.ReconcilingStrategy.runScan(ReconcilingStrategy.java:92)
	at com.ibm.dltj.ua.editor.ReconcilingStrategy.reconcile(ReconcilingStrategy.java:71)
	at org.eclipse.jface.text.reconciler.MonoReconciler.process(MonoReconciler.java:77)
	at org.eclipse.jface.text.reconciler.AbstractReconciler$BackgroundThread.run(AbstractReconciler.java:206)
Caused by: java.lang.NullPointerException
	at com.ibm.dltj.uima_annotator.lex_analysis.generic.TypeManager.getFeatureCode(Unknown Source)
	at com.ibm.dltj.uima_annotator.lex_analysis.generic.AnnotateContextImpl.addLemmaFS(Unknown Source)
	at com.ibm.dltj.uima_annotator.lex_analysis.AnnotationsCreator.runGlossAnnotate(Unknown Source)
	at com.ibm.dltj.uima_annotator.lex_analysis.ResultHandler.processGloss(Unknown Source)
	at com.ibm.dltj.uima_annotator.lex_analysis.ResultHandler.createStd(Unknown Source)
	at com.ibm.dltj.fst.MWUParser$CreateStdInfo.callFunction(Unknown Source)
	at com.ibm.dltj.fst.MWUParser.callBufferedFunctions(Unknown Source)
	at com.ibm.dltj.fst.MWUParser.processResults(Unknown Source)
	at com.ibm.dltj.fst.MWUParser.close(Unknown Source)
	at com.ibm.dltj.UniLexAnalyzer.doTextProcessing(Unknown Source)
	at com.ibm.dltj.UniLexAnalyzer.processTextMW(Unknown Source)
	at com.ibm.dltj.Session.processTextMW(Unknown Source)
	at com.ibm.dltj.uima_annotator.lex_analysis.LexicalAnalyzer.processText(Unknown Source)
	at com.ibm.dltj.uima_annotator.lex_analysis.LexicalAnalyzer.doProcessText(Unknown Source)
	at com.ibm.dltj.uima_annotator.lex_analysis.LexicalAnalyzer.process(Unknown Source)
	at com.ibm.dltj.uima_annotator.implBase.jFrostAnnotator_ImplBase.process(Unknown Source)
	at org.apache.uima.analysis_component.CasAnnotator_ImplBase.process(CasAnnotator_ImplBase.java:56)
	at org.apache.uima.analysis_engine.impl.PrimitiveAnalysisEngine_impl.callAnalysisComponentProcess(PrimitiveAnalysisEngine_impl.java:376)
	... 12 more
Mar 10, 2013 10:31:21 PM org.apache.uima.analysis_engine.impl.AggregateAnalysisEngine_impl processAndOutputNewCASes(275)
SEVERE: Exception occurred
org.apache.uima.analysis_engine.AnalysisEngineProcessException: Annotator processing failed.    
	at org.apache.uima.analysis_engine.impl.PrimitiveAnalysisEngine_impl.callAnalysisComponentProcess(PrimitiveAnalysisEngine_impl.java:390)
	at org.apache.uima.analysis_engine.impl.PrimitiveAnalysisEngine_impl.processAndOutputNewCASes(PrimitiveAnalysisEngine_impl.java:298)
	at org.apache.uima.analysis_engine.asb.impl.ASB_impl$AggregateCasIterator.processUntilNextOutputCas(ASB_impl.java:567)
	at org.apache.uima.analysis_engine.asb.impl.ASB_impl$AggregateCasIterator.<init>(ASB_impl.java:409)
	at org.apache.uima.analysis_engine.asb.impl.ASB_impl.process(ASB_impl.java:342)
	at org.apache.uima.analysis_engine.impl.AggregateAnalysisEngine_impl.processAndOutputNewCASes(AggregateAnalysisEngine_impl.java:267)
	at com.ibm.dltj.ua.uima.Analyzer.internRunScan(Analyzer.java:396)
	at com.ibm.dltj.ua.uima.Analyzer.runScan(Analyzer.java:337)
	at com.ibm.dltj.ua.uima.DocumentAnalyzer.runScan(DocumentAnalyzer.java:729)
	at com.ibm.dltj.ua.editor.ReconcilingStrategy.runScan(ReconcilingStrategy.java:92)
	at com.ibm.dltj.ua.editor.ReconcilingStrategy.reconcile(ReconcilingStrategy.java:71)
	at org.eclipse.jface.text.reconciler.MonoReconciler.process(MonoReconciler.java:77)
	at org.eclipse.jface.text.reconciler.AbstractReconciler$BackgroundThread.run(AbstractReconciler.java:206)
Caused by: java.lang.NullPointerException
	at com.ibm.dltj.uima_annotator.lex_analysis.generic.TypeManager.getFeatureCode(Unknown Source)
	at com.ibm.dltj.uima_annotator.lex_analysis.generic.AnnotateContextImpl.addLemmaFS(Unknown Source)
	at com.ibm.dltj.uima_annotator.lex_analysis.AnnotationsCreator.runGlossAnnotate(Unknown Source)
	at com.ibm.dltj.uima_annotator.lex_analysis.ResultHandler.processGloss(Unknown Source)
	at com.ibm.dltj.uima_annotator.lex_analysis.ResultHandler.createStd(Unknown Source)
	at com.ibm.dltj.fst.MWUParser$CreateStdInfo.callFunction(Unknown Source)
	at com.ibm.dltj.fst.MWUParser.callBufferedFunctions(Unknown Source)
	at com.ibm.dltj.fst.MWUParser.processResults(Unknown Source)
	at com.ibm.dltj.fst.MWUParser.close(Unknown Source)
	at com.ibm.dltj.UniLexAnalyzer.doTextProcessing(Unknown Source)
	at com.ibm.dltj.UniLexAnalyzer.processTextMW(Unknown Source)
	at com.ibm.dltj.Session.processTextMW(Unknown Source)
	at com.ibm.dltj.uima_annotator.lex_analysis.LexicalAnalyzer.processText(Unknown Source)
	at com.ibm.dltj.uima_annotator.lex_analysis.LexicalAnalyzer.doProcessText(Unknown Source)
	at com.ibm.dltj.uima_annotator.lex_analysis.LexicalAnalyzer.process(Unknown Source)
	at com.ibm.dltj.uima_annotator.implBase.jFrostAnnotator_ImplBase.process(Unknown Source)
	at org.apache.uima.analysis_component.CasAnnotator_ImplBase.process(CasAnnotator_ImplBase.java:56)
	at org.apache.uima.analysis_engine.impl.PrimitiveAnalysisEngine_impl.callAnalysisComponentProcess(PrimitiveAnalysisEngine_impl.java:376)
	... 12 more
Mar 10, 2013 10:31:40 PM org.apache.uima.analysis_engine.impl.PrimitiveAnalysisEngine_impl callAnalysisComponentProcess(404)
SEVERE: Exception occurred
org.apache.uima.analysis_engine.AnalysisEngineProcessException: Annotator processing failed.    
	at org.apache.uima.analysis_engine.impl.PrimitiveAnalysisEngine_impl.callAnalysisComponentProcess(PrimitiveAnalysisEngine_impl.java:390)
	at org.apache.uima.analysis_engine.impl.PrimitiveAnalysisEngine_impl.processAndOutputNewCASes(PrimitiveAnalysisEngine_impl.java:298)
	at org.apache.uima.analysis_engine.asb.impl.ASB_impl$AggregateCasIterator.processUntilNextOutputCas(ASB_impl.java:567)
	at org.apache.uima.analysis_engine.asb.impl.ASB_impl$AggregateCasIterator.<init>(ASB_impl.java:409)
	at org.apache.uima.analysis_engine.asb.impl.ASB_impl.process(ASB_impl.java:342)
	at org.apache.uima.analysis_engine.impl.AggregateAnalysisEngine_impl.processAndOutputNewCASes(AggregateAnalysisEngine_impl.java:267)
	at com.ibm.dltj.ua.uima.Analyzer.internRunScan(Analyzer.java:396)
	at com.ibm.dltj.ua.uima.Analyzer.runScan(Analyzer.java:337)
	at com.ibm.dltj.ua.uima.DocumentAnalyzer.runScan(DocumentAnalyzer.java:729)
	at com.ibm.dltj.ua.editor.ReconcilingStrategy.runScan(ReconcilingStrategy.java:92)
	at com.ibm.dltj.ua.editor.ReconcilingStrategy.reconcile(ReconcilingStrategy.java:71)
	at org.eclipse.jface.text.reconciler.MonoReconciler.process(MonoReconciler.java:77)
	at org.eclipse.jface.text.reconciler.AbstractReconciler$BackgroundThread.run(AbstractReconciler.java:206)
Caused by: java.lang.NullPointerException
	at com.ibm.dltj.uima_annotator.lex_analysis.generic.TypeManager.getFeatureCode(Unknown Source)
	at com.ibm.dltj.uima_annotator.lex_analysis.generic.AnnotateContextImpl.addLemmaFS(Unknown Source)
	at com.ibm.dltj.uima_annotator.lex_analysis.AnnotationsCreator.runGlossAnnotate(Unknown Source)
	at com.ibm.dltj.uima_annotator.lex_analysis.ResultHandler.processGloss(Unknown Source)
	at com.ibm.dltj.uima_annotator.lex_analysis.ResultHandler.createStd(Unknown Source)
	at com.ibm.dltj.fst.MWUParser$CreateStdInfo.callFunction(Unknown Source)
	at com.ibm.dltj.fst.MWUParser.callBufferedFunctions(Unknown Source)
	at com.ibm.dltj.fst.MWUParser.processResults(Unknown Source)
	at com.ibm.dltj.fst.MWUParser.close(Unknown Source)
	at com.ibm.dltj.UniLexAnalyzer.doTextProcessing(Unknown Source)
	at com.ibm.dltj.UniLexAnalyzer.processTextMW(Unknown Source)
	at com.ibm.dltj.Session.processTextMW(Unknown Source)
	at com.ibm.dltj.uima_annotator.lex_analysis.LexicalAnalyzer.processText(Unknown Source)
	at com.ibm.dltj.uima_annotator.lex_analysis.LexicalAnalyzer.doProcessText(Unknown Source)
	at com.ibm.dltj.uima_annotator.lex_analysis.LexicalAnalyzer.process(Unknown Source)
	at com.ibm.dltj.uima_annotator.implBase.jFrostAnnotator_ImplBase.process(Unknown Source)
	at org.apache.uima.analysis_component.CasAnnotator_ImplBase.process(CasAnnotator_ImplBase.java:56)
	at org.apache.uima.analysis_engine.impl.PrimitiveAnalysisEngine_impl.callAnalysisComponentProcess(PrimitiveAnalysisEngine_impl.java:376)
	... 12 more
Mar 10, 2013 10:31:40 PM org.apache.uima.analysis_engine.impl.AggregateAnalysisEngine_impl processAndOutputNewCASes(275)
SEVERE: Exception occurred
org.apache.uima.analysis_engine.AnalysisEngineProcessException: Annotator processing failed.    
	at org.apache.uima.analysis_engine.impl.PrimitiveAnalysisEngine_impl.callAnalysisComponentProcess(PrimitiveAnalysisEngine_impl.java:390)
	at org.apache.uima.analysis_engine.impl.PrimitiveAnalysisEngine_impl.processAndOutputNewCASes(PrimitiveAnalysisEngine_impl.java:298)
	at org.apache.uima.analysis_engine.asb.impl.ASB_impl$AggregateCasIterator.processUntilNextOutputCas(ASB_impl.java:567)
	at org.apache.uima.analysis_engine.asb.impl.ASB_impl$AggregateCasIterator.<init>(ASB_impl.java:409)
	at org.apache.uima.analysis_engine.asb.impl.ASB_impl.process(ASB_impl.java:342)
	at org.apache.uima.analysis_engine.impl.AggregateAnalysisEngine_impl.processAndOutputNewCASes(AggregateAnalysisEngine_impl.java:267)
	at com.ibm.dltj.ua.uima.Analyzer.internRunScan(Analyzer.java:396)
	at com.ibm.dltj.ua.uima.Analyzer.runScan(Analyzer.java:337)
	at com.ibm.dltj.ua.uima.DocumentAnalyzer.runScan(DocumentAnalyzer.java:729)
	at com.ibm.dltj.ua.editor.ReconcilingStrategy.runScan(ReconcilingStrategy.java:92)
	at com.ibm.dltj.ua.editor.ReconcilingStrategy.reconcile(ReconcilingStrategy.java:71)
	at org.eclipse.jface.text.reconciler.MonoReconciler.process(MonoReconciler.java:77)
	at org.eclipse.jface.text.reconciler.AbstractReconciler$BackgroundThread.run(AbstractReconciler.java:206)
Caused by: java.lang.NullPointerException
	at com.ibm.dltj.uima_annotator.lex_analysis.generic.TypeManager.getFeatureCode(Unknown Source)
	at com.ibm.dltj.uima_annotator.lex_analysis.generic.AnnotateContextImpl.addLemmaFS(Unknown Source)
	at com.ibm.dltj.uima_annotator.lex_analysis.AnnotationsCreator.runGlossAnnotate(Unknown Source)
	at com.ibm.dltj.uima_annotator.lex_analysis.ResultHandler.processGloss(Unknown Source)
	at com.ibm.dltj.uima_annotator.lex_analysis.ResultHandler.createStd(Unknown Source)
	at com.ibm.dltj.fst.MWUParser$CreateStdInfo.callFunction(Unknown Source)
	at com.ibm.dltj.fst.MWUParser.callBufferedFunctions(Unknown Source)
	at com.ibm.dltj.fst.MWUParser.processResults(Unknown Source)
	at com.ibm.dltj.fst.MWUParser.close(Unknown Source)
	at com.ibm.dltj.UniLexAnalyzer.doTextProcessing(Unknown Source)
	at com.ibm.dltj.UniLexAnalyzer.processTextMW(Unknown Source)
	at com.ibm.dltj.Session.processTextMW(Unknown Source)
	at com.ibm.dltj.uima_annotator.lex_analysis.LexicalAnalyzer.processText(Unknown Source)
	at com.ibm.dltj.uima_annotator.lex_analysis.LexicalAnalyzer.doProcessText(Unknown Source)
	at com.ibm.dltj.uima_annotator.lex_analysis.LexicalAnalyzer.process(Unknown Source)
	at com.ibm.dltj.uima_annotator.implBase.jFrostAnnotator_ImplBase.process(Unknown Source)
	at org.apache.uima.analysis_component.CasAnnotator_ImplBase.process(CasAnnotator_ImplBase.java:56)
	at org.apache.uima.analysis_engine.impl.PrimitiveAnalysisEngine_impl.callAnalysisComponentProcess(PrimitiveAnalysisEngine_impl.java:376)
	... 12 more
