Mar 10, 2013 10:34:53 PM org.apache.uima.analysis_engine.impl.PrimitiveAnalysisEngine_impl callAnalysisComponentProcess(404)
SEVERE: Exception occurred
org.apache.uima.analysis_engine.AnalysisEngineProcessException: Annotator processing failed.    
	at org.apache.uima.analysis_engine.impl.PrimitiveAnalysisEngine_impl.callAnalysisComponentProcess(PrimitiveAnalysisEngine_impl.java:390)
	at org.apache.uima.analysis_engine.impl.PrimitiveAnalysisEngine_impl.processAndOutputNewCASes(PrimitiveAnalysisEngine_impl.java:298)
	at org.apache.uima.analysis_engine.asb.impl.ASB_impl$AggregateCasIterator.processUntilNextOutputCas(ASB_impl.java:567)
	at org.apache.uima.analysis_engine.asb.impl.ASB_impl$AggregateCasIterator.<init>(ASB_impl.java:409)
	at org.apache.uima.analysis_engine.asb.impl.ASB_impl.process(ASB_impl.java:342)
	at org.apache.uima.analysis_engine.impl.AggregateAnalysisEngine_impl.processAndOutputNewCASes(AggregateAnalysisEngine_impl.java:267)
	at com.ibm.dltj.ua.uima.Analyzer.internRunScan(Analyzer.java:396)
	at com.ibm.dltj.ua.uima.Analyzer.runScan(Analyzer.java:337)
	at com.ibm.dltj.ua.uima.DocumentAnalyzer.runScan(DocumentAnalyzer.java:729)
	at com.ibm.dltj.ua.editor.ReconcilingStrategy.runScan(ReconcilingStrategy.java:92)
	at com.ibm.dltj.ua.editor.ReconcilingStrategy.reconcile(ReconcilingStrategy.java:71)
	at org.eclipse.jface.text.reconciler.MonoReconciler.process(MonoReconciler.java:77)
	at org.eclipse.jface.text.reconciler.AbstractReconciler$BackgroundThread.run(AbstractReconciler.java:206)
Caused by: java.lang.NullPointerException
	at com.ibm.dltj.uima_annotator.lex_analysis.generic.TypeManager.getFeatureCode(Unknown Source)
	at com.ibm.dltj.uima_annotator.lex_analysis.generic.AnnotateContextImpl.addLemmaFS(Unknown Source)
	at com.ibm.dltj.uima_annotator.lex_analysis.AnnotationsCreator.runGlossAnnotate(Unknown Source)
	at com.ibm.dltj.uima_annotator.lex_analysis.ResultHandler.processGloss(Unknown Source)
	at com.ibm.dltj.uima_annotator.lex_analysis.ResultHandler.createStd(Unknown Source)
	at com.ibm.dltj.fst.MWUParser$CreateStdInfo.callFunction(Unknown Source)
	at com.ibm.dltj.fst.MWUParser.callBufferedFunctions(Unknown Source)
	at com.ibm.dltj.fst.MWUParser.processResults(Unknown Source)
	at com.ibm.dltj.fst.MWUParser.close(Unknown Source)
	at com.ibm.dltj.UniLexAnalyzer.doTextProcessing(Unknown Source)
	at com.ibm.dltj.UniLexAnalyzer.processTextMW(Unknown Source)
	at com.ibm.dltj.Session.processTextMW(Unknown Source)
	at com.ibm.dltj.uima_annotator.lex_analysis.LexicalAnalyzer.processText(Unknown Source)
	at com.ibm.dltj.uima_annotator.lex_analysis.LexicalAnalyzer.doProcessText(Unknown Source)
	at com.ibm.dltj.uima_annotator.lex_analysis.LexicalAnalyzer.process(Unknown Source)
	at com.ibm.dltj.uima_annotator.implBase.jFrostAnnotator_ImplBase.process(Unknown Source)
	at org.apache.uima.analysis_component.CasAnnotator_ImplBase.process(CasAnnotator_ImplBase.java:56)
	at org.apache.uima.analysis_engine.impl.PrimitiveAnalysisEngine_impl.callAnalysisComponentProcess(PrimitiveAnalysisEngine_impl.java:376)
	... 12 more
Mar 10, 2013 10:34:53 PM org.apache.uima.analysis_engine.impl.AggregateAnalysisEngine_impl processAndOutputNewCASes(275)
SEVERE: Exception occurred
org.apache.uima.analysis_engine.AnalysisEngineProcessException: Annotator processing failed.    
	at org.apache.uima.analysis_engine.impl.PrimitiveAnalysisEngine_impl.callAnalysisComponentProcess(PrimitiveAnalysisEngine_impl.java:390)
	at org.apache.uima.analysis_engine.impl.PrimitiveAnalysisEngine_impl.processAndOutputNewCASes(PrimitiveAnalysisEngine_impl.java:298)
	at org.apache.uima.analysis_engine.asb.impl.ASB_impl$AggregateCasIterator.processUntilNextOutputCas(ASB_impl.java:567)
	at org.apache.uima.analysis_engine.asb.impl.ASB_impl$AggregateCasIterator.<init>(ASB_impl.java:409)
	at org.apache.uima.analysis_engine.asb.impl.ASB_impl.process(ASB_impl.java:342)
	at org.apache.uima.analysis_engine.impl.AggregateAnalysisEngine_impl.processAndOutputNewCASes(AggregateAnalysisEngine_impl.java:267)
	at com.ibm.dltj.ua.uima.Analyzer.internRunScan(Analyzer.java:396)
	at com.ibm.dltj.ua.uima.Analyzer.runScan(Analyzer.java:337)
	at com.ibm.dltj.ua.uima.DocumentAnalyzer.runScan(DocumentAnalyzer.java:729)
	at com.ibm.dltj.ua.editor.ReconcilingStrategy.runScan(ReconcilingStrategy.java:92)
	at com.ibm.dltj.ua.editor.ReconcilingStrategy.reconcile(ReconcilingStrategy.java:71)
	at org.eclipse.jface.text.reconciler.MonoReconciler.process(MonoReconciler.java:77)
	at org.eclipse.jface.text.reconciler.AbstractReconciler$BackgroundThread.run(AbstractReconciler.java:206)
Caused by: java.lang.NullPointerException
	at com.ibm.dltj.uima_annotator.lex_analysis.generic.TypeManager.getFeatureCode(Unknown Source)
	at com.ibm.dltj.uima_annotator.lex_analysis.generic.AnnotateContextImpl.addLemmaFS(Unknown Source)
	at com.ibm.dltj.uima_annotator.lex_analysis.AnnotationsCreator.runGlossAnnotate(Unknown Source)
	at com.ibm.dltj.uima_annotator.lex_analysis.ResultHandler.processGloss(Unknown Source)
	at com.ibm.dltj.uima_annotator.lex_analysis.ResultHandler.createStd(Unknown Source)
	at com.ibm.dltj.fst.MWUParser$CreateStdInfo.callFunction(Unknown Source)
	at com.ibm.dltj.fst.MWUParser.callBufferedFunctions(Unknown Source)
	at com.ibm.dltj.fst.MWUParser.processResults(Unknown Source)
	at com.ibm.dltj.fst.MWUParser.close(Unknown Source)
	at com.ibm.dltj.UniLexAnalyzer.doTextProcessing(Unknown Source)
	at com.ibm.dltj.UniLexAnalyzer.processTextMW(Unknown Source)
	at com.ibm.dltj.Session.processTextMW(Unknown Source)
	at com.ibm.dltj.uima_annotator.lex_analysis.LexicalAnalyzer.processText(Unknown Source)
	at com.ibm.dltj.uima_annotator.lex_analysis.LexicalAnalyzer.doProcessText(Unknown Source)
	at com.ibm.dltj.uima_annotator.lex_analysis.LexicalAnalyzer.process(Unknown Source)
	at com.ibm.dltj.uima_annotator.implBase.jFrostAnnotator_ImplBase.process(Unknown Source)
	at org.apache.uima.analysis_component.CasAnnotator_ImplBase.process(CasAnnotator_ImplBase.java:56)
	at org.apache.uima.analysis_engine.impl.PrimitiveAnalysisEngine_impl.callAnalysisComponentProcess(PrimitiveAnalysisEngine_impl.java:376)
	... 12 more
Mar 10, 2013 10:35:11 PM org.apache.uima.analysis_engine.impl.PrimitiveAnalysisEngine_impl callAnalysisComponentProcess(404)
SEVERE: Exception occurred
org.apache.uima.analysis_engine.AnalysisEngineProcessException: Annotator processing failed.    
	at org.apache.uima.analysis_engine.impl.PrimitiveAnalysisEngine_impl.callAnalysisComponentProcess(PrimitiveAnalysisEngine_impl.java:390)
	at org.apache.uima.analysis_engine.impl.PrimitiveAnalysisEngine_impl.processAndOutputNewCASes(PrimitiveAnalysisEngine_impl.java:298)
	at org.apache.uima.analysis_engine.asb.impl.ASB_impl$AggregateCasIterator.processUntilNextOutputCas(ASB_impl.java:567)
	at org.apache.uima.analysis_engine.asb.impl.ASB_impl$AggregateCasIterator.<init>(ASB_impl.java:409)
	at org.apache.uima.analysis_engine.asb.impl.ASB_impl.process(ASB_impl.java:342)
	at org.apache.uima.analysis_engine.impl.AggregateAnalysisEngine_impl.processAndOutputNewCASes(AggregateAnalysisEngine_impl.java:267)
	at com.ibm.dltj.ua.uima.Analyzer.internRunScan(Analyzer.java:396)
	at com.ibm.dltj.ua.uima.Analyzer.runScan(Analyzer.java:337)
	at com.ibm.dltj.uc.annotations.AnnotationsCollection.analyze(AnnotationsCollection.java:639)
	at com.ibm.dltj.uc.annotations.AnnotationsCollection.analyzeFiles(AnnotationsCollection.java:593)
	at com.ibm.dltj.uc.actions.BaseAnalyzeRunnable.analyzeFiles(BaseAnalyzeRunnable.java:129)
	at com.ibm.dltj.uc.actions.ConfigAction$Annotate.run(ConfigAction.java:160)
	at org.eclipse.jface.operation.ModalContext$ModalContextThread.run(ModalContext.java:121)
Caused by: java.lang.NullPointerException
	at com.ibm.dltj.uima_annotator.lex_analysis.generic.TypeManager.getFeatureCode(Unknown Source)
	at com.ibm.dltj.uima_annotator.lex_analysis.generic.AnnotateContextImpl.addLemmaFS(Unknown Source)
	at com.ibm.dltj.uima_annotator.lex_analysis.AnnotationsCreator.runGlossAnnotate(Unknown Source)
	at com.ibm.dltj.uima_annotator.lex_analysis.ResultHandler.processGloss(Unknown Source)
	at com.ibm.dltj.uima_annotator.lex_analysis.ResultHandler.createStd(Unknown Source)
	at com.ibm.dltj.fst.MWUParser$CreateStdInfo.callFunction(Unknown Source)
	at com.ibm.dltj.fst.MWUParser.callBufferedFunctions(Unknown Source)
	at com.ibm.dltj.fst.MWUParser.processResults(Unknown Source)
	at com.ibm.dltj.fst.MWUParser.close(Unknown Source)
	at com.ibm.dltj.UniLexAnalyzer.doTextProcessing(Unknown Source)
	at com.ibm.dltj.UniLexAnalyzer.processTextMW(Unknown Source)
	at com.ibm.dltj.Session.processTextMW(Unknown Source)
	at com.ibm.dltj.uima_annotator.lex_analysis.LexicalAnalyzer.processText(Unknown Source)
	at com.ibm.dltj.uima_annotator.lex_analysis.LexicalAnalyzer.doProcessText(Unknown Source)
	at com.ibm.dltj.uima_annotator.lex_analysis.LexicalAnalyzer.process(Unknown Source)
	at com.ibm.dltj.uima_annotator.implBase.jFrostAnnotator_ImplBase.process(Unknown Source)
	at org.apache.uima.analysis_component.CasAnnotator_ImplBase.process(CasAnnotator_ImplBase.java:56)
	at org.apache.uima.analysis_engine.impl.PrimitiveAnalysisEngine_impl.callAnalysisComponentProcess(PrimitiveAnalysisEngine_impl.java:376)
	... 12 more
Mar 10, 2013 10:35:11 PM org.apache.uima.analysis_engine.impl.AggregateAnalysisEngine_impl processAndOutputNewCASes(275)
SEVERE: Exception occurred
org.apache.uima.analysis_engine.AnalysisEngineProcessException: Annotator processing failed.    
	at org.apache.uima.analysis_engine.impl.PrimitiveAnalysisEngine_impl.callAnalysisComponentProcess(PrimitiveAnalysisEngine_impl.java:390)
	at org.apache.uima.analysis_engine.impl.PrimitiveAnalysisEngine_impl.processAndOutputNewCASes(PrimitiveAnalysisEngine_impl.java:298)
	at org.apache.uima.analysis_engine.asb.impl.ASB_impl$AggregateCasIterator.processUntilNextOutputCas(ASB_impl.java:567)
	at org.apache.uima.analysis_engine.asb.impl.ASB_impl$AggregateCasIterator.<init>(ASB_impl.java:409)
	at org.apache.uima.analysis_engine.asb.impl.ASB_impl.process(ASB_impl.java:342)
	at org.apache.uima.analysis_engine.impl.AggregateAnalysisEngine_impl.processAndOutputNewCASes(AggregateAnalysisEngine_impl.java:267)
	at com.ibm.dltj.ua.uima.Analyzer.internRunScan(Analyzer.java:396)
	at com.ibm.dltj.ua.uima.Analyzer.runScan(Analyzer.java:337)
	at com.ibm.dltj.uc.annotations.AnnotationsCollection.analyze(AnnotationsCollection.java:639)
	at com.ibm.dltj.uc.annotations.AnnotationsCollection.analyzeFiles(AnnotationsCollection.java:593)
	at com.ibm.dltj.uc.actions.BaseAnalyzeRunnable.analyzeFiles(BaseAnalyzeRunnable.java:129)
	at com.ibm.dltj.uc.actions.ConfigAction$Annotate.run(ConfigAction.java:160)
	at org.eclipse.jface.operation.ModalContext$ModalContextThread.run(ModalContext.java:121)
Caused by: java.lang.NullPointerException
	at com.ibm.dltj.uima_annotator.lex_analysis.generic.TypeManager.getFeatureCode(Unknown Source)
	at com.ibm.dltj.uima_annotator.lex_analysis.generic.AnnotateContextImpl.addLemmaFS(Unknown Source)
	at com.ibm.dltj.uima_annotator.lex_analysis.AnnotationsCreator.runGlossAnnotate(Unknown Source)
	at com.ibm.dltj.uima_annotator.lex_analysis.ResultHandler.processGloss(Unknown Source)
	at com.ibm.dltj.uima_annotator.lex_analysis.ResultHandler.createStd(Unknown Source)
	at com.ibm.dltj.fst.MWUParser$CreateStdInfo.callFunction(Unknown Source)
	at com.ibm.dltj.fst.MWUParser.callBufferedFunctions(Unknown Source)
	at com.ibm.dltj.fst.MWUParser.processResults(Unknown Source)
	at com.ibm.dltj.fst.MWUParser.close(Unknown Source)
	at com.ibm.dltj.UniLexAnalyzer.doTextProcessing(Unknown Source)
	at com.ibm.dltj.UniLexAnalyzer.processTextMW(Unknown Source)
	at com.ibm.dltj.Session.processTextMW(Unknown Source)
	at com.ibm.dltj.uima_annotator.lex_analysis.LexicalAnalyzer.processText(Unknown Source)
	at com.ibm.dltj.uima_annotator.lex_analysis.LexicalAnalyzer.doProcessText(Unknown Source)
	at com.ibm.dltj.uima_annotator.lex_analysis.LexicalAnalyzer.process(Unknown Source)
	at com.ibm.dltj.uima_annotator.implBase.jFrostAnnotator_ImplBase.process(Unknown Source)
	at org.apache.uima.analysis_component.CasAnnotator_ImplBase.process(CasAnnotator_ImplBase.java:56)
	at org.apache.uima.analysis_engine.impl.PrimitiveAnalysisEngine_impl.callAnalysisComponentProcess(PrimitiveAnalysisEngine_impl.java:376)
	... 12 more
Mar 10, 2013 10:37:52 PM com.ibm.talent.jfst.JFSTAnnotator initializeJFSTResourcesForLang(144)
WARNING: Cannot find compiled rules for language : en
Mar 10, 2013 10:38:16 PM org.apache.uima.analysis_engine.impl.PrimitiveAnalysisEngine_impl callAnalysisComponentProcess(404)
SEVERE: Exception occurred
org.apache.uima.analysis_engine.AnalysisEngineProcessException: Annotator processing failed.    
	at org.apache.uima.analysis_engine.impl.PrimitiveAnalysisEngine_impl.callAnalysisComponentProcess(PrimitiveAnalysisEngine_impl.java:390)
	at org.apache.uima.analysis_engine.impl.PrimitiveAnalysisEngine_impl.processAndOutputNewCASes(PrimitiveAnalysisEngine_impl.java:298)
	at org.apache.uima.analysis_engine.asb.impl.ASB_impl$AggregateCasIterator.processUntilNextOutputCas(ASB_impl.java:567)
	at org.apache.uima.analysis_engine.asb.impl.ASB_impl$AggregateCasIterator.<init>(ASB_impl.java:409)
	at org.apache.uima.analysis_engine.asb.impl.ASB_impl.process(ASB_impl.java:342)
	at org.apache.uima.analysis_engine.impl.AggregateAnalysisEngine_impl.processAndOutputNewCASes(AggregateAnalysisEngine_impl.java:267)
	at com.ibm.dltj.ua.uima.Analyzer.internRunScan(Analyzer.java:396)
	at com.ibm.dltj.ua.uima.Analyzer.runScan(Analyzer.java:337)
	at com.ibm.dltj.ua.uima.DocumentAnalyzer.runScan(DocumentAnalyzer.java:729)
	at com.ibm.dltj.ua.editor.ReconcilingStrategy.runScan(ReconcilingStrategy.java:92)
	at com.ibm.dltj.ua.editor.ReconcilingStrategy.reconcile(ReconcilingStrategy.java:71)
	at org.eclipse.jface.text.reconciler.MonoReconciler.process(MonoReconciler.java:77)
	at org.eclipse.jface.text.reconciler.AbstractReconciler$BackgroundThread.run(AbstractReconciler.java:206)
Caused by: java.lang.NullPointerException
	at com.ibm.dltj.uima_annotator.lex_analysis.generic.TypeManager.getFeatureCode(Unknown Source)
	at com.ibm.dltj.uima_annotator.lex_analysis.generic.AnnotateContextImpl.addLemmaFS(Unknown Source)
	at com.ibm.dltj.uima_annotator.lex_analysis.AnnotationsCreator.runGlossAnnotate(Unknown Source)
	at com.ibm.dltj.uima_annotator.lex_analysis.ResultHandler.processGloss(Unknown Source)
	at com.ibm.dltj.uima_annotator.lex_analysis.ResultHandler.createStd(Unknown Source)
	at com.ibm.dltj.fst.MWUParser$CreateStdInfo.callFunction(Unknown Source)
	at com.ibm.dltj.fst.MWUParser.callBufferedFunctions(Unknown Source)
	at com.ibm.dltj.fst.MWUParser.processResults(Unknown Source)
	at com.ibm.dltj.fst.MWUParser.close(Unknown Source)
	at com.ibm.dltj.UniLexAnalyzer.doTextProcessing(Unknown Source)
	at com.ibm.dltj.UniLexAnalyzer.processTextMW(Unknown Source)
	at com.ibm.dltj.Session.processTextMW(Unknown Source)
	at com.ibm.dltj.uima_annotator.lex_analysis.LexicalAnalyzer.processText(Unknown Source)
	at com.ibm.dltj.uima_annotator.lex_analysis.LexicalAnalyzer.doProcessText(Unknown Source)
	at com.ibm.dltj.uima_annotator.lex_analysis.LexicalAnalyzer.process(Unknown Source)
	at com.ibm.dltj.uima_annotator.implBase.jFrostAnnotator_ImplBase.process(Unknown Source)
	at org.apache.uima.analysis_component.CasAnnotator_ImplBase.process(CasAnnotator_ImplBase.java:56)
	at org.apache.uima.analysis_engine.impl.PrimitiveAnalysisEngine_impl.callAnalysisComponentProcess(PrimitiveAnalysisEngine_impl.java:376)
	... 12 more
Mar 10, 2013 10:38:16 PM org.apache.uima.analysis_engine.impl.AggregateAnalysisEngine_impl processAndOutputNewCASes(275)
SEVERE: Exception occurred
org.apache.uima.analysis_engine.AnalysisEngineProcessException: Annotator processing failed.    
	at org.apache.uima.analysis_engine.impl.PrimitiveAnalysisEngine_impl.callAnalysisComponentProcess(PrimitiveAnalysisEngine_impl.java:390)
	at org.apache.uima.analysis_engine.impl.PrimitiveAnalysisEngine_impl.processAndOutputNewCASes(PrimitiveAnalysisEngine_impl.java:298)
	at org.apache.uima.analysis_engine.asb.impl.ASB_impl$AggregateCasIterator.processUntilNextOutputCas(ASB_impl.java:567)
	at org.apache.uima.analysis_engine.asb.impl.ASB_impl$AggregateCasIterator.<init>(ASB_impl.java:409)
	at org.apache.uima.analysis_engine.asb.impl.ASB_impl.process(ASB_impl.java:342)
	at org.apache.uima.analysis_engine.impl.AggregateAnalysisEngine_impl.processAndOutputNewCASes(AggregateAnalysisEngine_impl.java:267)
	at com.ibm.dltj.ua.uima.Analyzer.internRunScan(Analyzer.java:396)
	at com.ibm.dltj.ua.uima.Analyzer.runScan(Analyzer.java:337)
	at com.ibm.dltj.ua.uima.DocumentAnalyzer.runScan(DocumentAnalyzer.java:729)
	at com.ibm.dltj.ua.editor.ReconcilingStrategy.runScan(ReconcilingStrategy.java:92)
	at com.ibm.dltj.ua.editor.ReconcilingStrategy.reconcile(ReconcilingStrategy.java:71)
	at org.eclipse.jface.text.reconciler.MonoReconciler.process(MonoReconciler.java:77)
	at org.eclipse.jface.text.reconciler.AbstractReconciler$BackgroundThread.run(AbstractReconciler.java:206)
Caused by: java.lang.NullPointerException
	at com.ibm.dltj.uima_annotator.lex_analysis.generic.TypeManager.getFeatureCode(Unknown Source)
	at com.ibm.dltj.uima_annotator.lex_analysis.generic.AnnotateContextImpl.addLemmaFS(Unknown Source)
	at com.ibm.dltj.uima_annotator.lex_analysis.AnnotationsCreator.runGlossAnnotate(Unknown Source)
	at com.ibm.dltj.uima_annotator.lex_analysis.ResultHandler.processGloss(Unknown Source)
	at com.ibm.dltj.uima_annotator.lex_analysis.ResultHandler.createStd(Unknown Source)
	at com.ibm.dltj.fst.MWUParser$CreateStdInfo.callFunction(Unknown Source)
	at com.ibm.dltj.fst.MWUParser.callBufferedFunctions(Unknown Source)
	at com.ibm.dltj.fst.MWUParser.processResults(Unknown Source)
	at com.ibm.dltj.fst.MWUParser.close(Unknown Source)
	at com.ibm.dltj.UniLexAnalyzer.doTextProcessing(Unknown Source)
	at com.ibm.dltj.UniLexAnalyzer.processTextMW(Unknown Source)
	at com.ibm.dltj.Session.processTextMW(Unknown Source)
	at com.ibm.dltj.uima_annotator.lex_analysis.LexicalAnalyzer.processText(Unknown Source)
	at com.ibm.dltj.uima_annotator.lex_analysis.LexicalAnalyzer.doProcessText(Unknown Source)
	at com.ibm.dltj.uima_annotator.lex_analysis.LexicalAnalyzer.process(Unknown Source)
	at com.ibm.dltj.uima_annotator.implBase.jFrostAnnotator_ImplBase.process(Unknown Source)
	at org.apache.uima.analysis_component.CasAnnotator_ImplBase.process(CasAnnotator_ImplBase.java:56)
	at org.apache.uima.analysis_engine.impl.PrimitiveAnalysisEngine_impl.callAnalysisComponentProcess(PrimitiveAnalysisEngine_impl.java:376)
	... 12 more
